2026/03/06 10:01:56 Static fallback: failed to load stops.txt: open ../data/stops.txt: The system cannot find the path specified.
2026/03/06 10:01:56 Static fallback: failed to load stop_times.txt: open ../data/stop_times.txt: The system cannot find the path specified.
2026/03/06 10:09:46 CallToolRequest: origin="The Hub" dest="Physics Building" intent="NEXT_BUS"
2026/03/06 10:09:46 TransitClient created with API key (len=64)
2026/03/06 10:11:52 CallToolRequest: origin="Reitz Union" dest="Library West" intent="NEXT_BUS"
2026/03/06 10:11:52 TransitClient created with API key (len=64)
2026/03/06 10:12:53 CallToolRequest: origin="Reitz Union" dest="" intent="LIST_BUSES"
2026/03/06 10:22:56 Loaded 952 GTFS stops from ../data/stops.txt
2026/03/06 10:22:56 Indexed 91516 stop_times from ../data/stop_times.txt into 3409 trips
2026/03/06 10:23:30 CallToolRequest: origin="Reitz Union" dest="" intent="LIST_BUSES"
2026/03/06 10:25:02 CallToolRequest: origin="Reitz Union" dest="" intent="LIST_BUSES"
2026/03/06 10:25:54 CallToolRequest: origin="Reitz Union" dest="Library West" intent="NEXT_BUS"
2026/03/06 10:25:54 TransitClient created with API key (len=64)
2026/03/06 10:25:54 GTFS fuzzy resolve OK: input="Reitz Union" → "Reitz Union" (score=1.000)
2026/03/06 10:40:26 CallToolRequest: origin="Reitz Union" dest="Butler Plaza Transfer Station" intent="NEXT_BUS"
2026/03/06 10:40:26 TransitClient created with API key (len=64)
2026/03/06 10:40:26 GTFS fuzzy resolve OK: input="Reitz Union" → "Reitz Union" (score=1.000)
2026/03/06 10:40:26 GTFS fuzzy resolve OK: input="Butler Plaza Transfer Station" → "Butler Plaza Transfer Station" (score=1.000)
2026/03/06 10:40:26 GTFS origin resolved: input="Reitz Union" → "Reitz Union" (lat=29.645140 lon=-82.346983)
2026/03/06 10:40:26 GTFS destination resolved: input="Butler Plaza Transfer Station" → "Butler Plaza Transfer Station" (lat=29.625154 lon=-82.387890)
2026/03/06 10:40:26 Calling nearby_stops for lat=29.645140 lon=-82.346983 radius=100m (RTSFL only)
2026/03/06 10:40:26 HTTP GET /v3/public/nearby_stops?lat=29.645140&lon=-82.346983&radius=100
2026/03/06 10:40:27 nearby_stops RTSFL best match at radius=100m: GSID=RTSFL:12261 name="Reitz Union" dist=1.00
2026/03/06 10:40:27 Calling nearby_stops for lat=29.625154 lon=-82.387890 radius=100m (RTSFL only)
2026/03/06 10:40:27 HTTP GET /v3/public/nearby_stops?lat=29.625154&lon=-82.387890&radius=100
2026/03/06 10:40:27 nearby_stops RTSFL best match at radius=100m: GSID=RTSFL:11769 name="Butler Plaza Transfer Station" dist=1.00
2026/03/06 10:40:27 Nearby origin: GTFS="Reitz Union" → API="Reitz Union" (GSID=RTSFL:12261)
2026/03/06 10:40:27 Nearby destination: GTFS="Butler Plaza Transfer Station" → API="Butler Plaza Transfer Station"
2026/03/06 10:40:27 Realtime fast-path search: originGSID=RTSFL:12261 originName="Reitz Union" destName="Butler Plaza Transfer Station"
2026/03/06 10:40:27 HTTP GET /v3/public/stop_departures?global_stop_id=RTSFL%3A12261&max_num_departures=20&remove_cancelled=true&should_update_realtime=true
2026/03/06 10:40:27 stop_departures returned 7 routes
2026/03/06 10:40:27 Route 37 (Reitz Union to Butler Plaza Transfer Sta) has 1 itineraries
2026/03/06 10:40:27   Itinerary headsign="Butler Plaza" has 10 schedule items
2026/03/06 10:40:27 Route 21 (Reitz Union To Liv Apartments) has 1 itineraries
2026/03/06 10:40:27   Itinerary headsign="Liv Apts" has 10 schedule items
2026/03/06 10:40:27 Route 126 (UF E / W Circulator (Lakeside To Sorority Row)) has 1 itineraries
2026/03/06 10:40:27   Itinerary headsign="Lakeside" has 10 schedule items
2026/03/06 10:40:27 Route 20 (Reitz Union To Oaks Mall) has 1 itineraries
2026/03/06 10:40:27   Itinerary headsign="Oaks Mall" has 9 schedule items
2026/03/06 10:40:27 Route 38 (Reitz Union to Gainesville Place) has 2 itineraries
2026/03/06 10:40:27   Itinerary headsign="Gainesville Place" has 10 schedule items
2026/03/06 10:40:27   Itinerary headsign="The Hub" has 10 schedule items
2026/03/06 10:40:27 Route 9 (Reitz Union To Hunters Run) has 2 itineraries
2026/03/06 10:40:27   Itinerary headsign="Hunters Run" has 10 schedule items
2026/03/06 10:40:27   Itinerary headsign="The Hub" has 10 schedule items
2026/03/06 10:40:27 Route 52 (Reitz Union to Jonesville) has 1 itineraries
2026/03/06 10:40:27   Itinerary headsign="Jonesville" has 7 schedule items
2026/03/06 10:40:27 Realtime fast-path produced 0 matching direct trips
2026/03/06 10:40:27 Realtime fast-path failed or no trips: no direct realtime trips found
2026/03/06 10:41:31 CallToolRequest: origin="The Hub" dest="Reitz Union" intent="NEXT_BUS"
2026/03/06 10:41:31 TransitClient created with API key (len=64)
2026/03/06 10:41:31 GTFS fuzzy resolve OK: input="The Hub" → "The HUB" (score=1.000)
2026/03/06 10:41:31 GTFS fuzzy resolve OK: input="Reitz Union" → "Reitz Union" (score=1.000)
2026/03/06 10:41:31 GTFS origin resolved: input="The Hub" → "The HUB" (lat=29.648530 lon=-82.344960)
2026/03/06 10:41:31 GTFS destination resolved: input="Reitz Union" → "Reitz Union" (lat=29.645140 lon=-82.346983)
2026/03/06 10:41:31 Calling nearby_stops for lat=29.648530 lon=-82.344960 radius=100m (RTSFL only)
2026/03/06 10:41:31 HTTP GET /v3/public/nearby_stops?lat=29.648530&lon=-82.344960&radius=100
2026/03/06 10:41:31 nearby_stops RTSFL best match at radius=100m: GSID=RTSFL:13082 name="The HUB" dist=1.00
2026/03/06 10:41:31 Calling nearby_stops for lat=29.645140 lon=-82.346983 radius=100m (RTSFL only)
2026/03/06 10:41:31 HTTP GET /v3/public/nearby_stops?lat=29.645140&lon=-82.346983&radius=100
2026/03/06 10:41:31 nearby_stops RTSFL best match at radius=100m: GSID=RTSFL:12261 name="Reitz Union" dist=1.00
2026/03/06 10:41:31 Nearby origin: GTFS="The HUB" → API="The HUB" (GSID=RTSFL:13082)
2026/03/06 10:41:31 Nearby destination: GTFS="Reitz Union" → API="Reitz Union"
2026/03/06 10:41:31 Realtime fast-path search: originGSID=RTSFL:13082 originName="The HUB" destName="Reitz Union"
2026/03/06 10:41:31 HTTP GET /v3/public/stop_departures?global_stop_id=RTSFL%3A13082&max_num_departures=20&remove_cancelled=true&should_update_realtime=true
2026/03/06 10:41:31 stop_departures returned 6 routes
2026/03/06 10:41:31 Route 118 (P&R 1 (Cultural Plaza) To The Hub) has 1 itineraries
2026/03/06 10:41:31   Itinerary headsign="Cultural Plaza" has 9 schedule items
2026/03/06 10:41:31 Route 126 (UF E / W Circulator (Lakeside To Sorority Row)) has 1 itineraries
2026/03/06 10:41:31   Itinerary headsign="Sorority Row" has 10 schedule items
2026/03/06 10:41:31 Route 33 (Butler Plaza - The Standard) has 1 itineraries
2026/03/06 10:41:31   Itinerary headsign="Butler Plaza" has 9 schedule items
2026/03/06 10:41:31 Route 38 (Reitz Union to Gainesville Place) has 1 itineraries
2026/03/06 10:41:31   Itinerary headsign="The Hub" has 10 schedule items
2026/03/06 10:41:31     Fast-path match: route=38 headsign="The Hub" departure=1772811900 isRealtime=false
2026/03/06 10:41:31 Route 9 (Reitz Union To Hunters Run) has 1 itineraries
2026/03/06 10:41:31   Itinerary headsign="The Hub" has 10 schedule items
2026/03/06 10:41:31     Fast-path match: route=9 headsign="The Hub" departure=1772812080 isRealtime=false
2026/03/06 10:41:31 Route 12 (The Hub to Dollar General) has 2 itineraries
2026/03/06 10:41:31   Itinerary headsign="Dollar General" has 10 schedule items
2026/03/06 10:41:31   Itinerary headsign="The Hub" has 10 schedule items
2026/03/06 10:41:31 Realtime fast-path produced 2 matching direct trips
2026/03/09 14:16:26 Loaded 952 GTFS stops from ../data/stops.txt
2026/03/09 14:16:26 Indexed 91516 stop_times from ../data/stop_times.txt into 3409 trips
2026/03/09 14:17:52 CallToolRequest: origin="Reitz Union" dest="Butler Plaza Transfer Station" intent="NEXT_BUS"
2026/03/09 14:17:52 TransitClient created with API key (len=64)
2026/03/09 14:17:52 GTFS fuzzy resolve OK: input="Reitz Union" → "Reitz Union" (score=1.000)
2026/03/09 14:17:52 GTFS fuzzy resolve OK: input="Butler Plaza Transfer Station" → "Butler Plaza Transfer Station" (score=1.000)
2026/03/09 14:17:52 GTFS origin resolved: input="Reitz Union" → "Reitz Union" (lat=29.645140 lon=-82.346983)
2026/03/09 14:17:52 GTFS destination resolved: input="Butler Plaza Transfer Station" → "Butler Plaza Transfer Station" (lat=29.625154 lon=-82.387890)
2026/03/09 14:17:52 Calling nearby_stops for lat=29.645140 lon=-82.346983 radius=100m (RTSFL only)
2026/03/09 14:17:52 HTTP GET /v3/public/nearby_stops?lat=29.645140&lon=-82.346983&radius=100
2026/03/09 14:17:52 nearby_stops RTSFL best match at radius=100m: GSID=RTSFL:12261 name="Reitz Union" dist=1.00
2026/03/09 14:17:52 Calling nearby_stops for lat=29.625154 lon=-82.387890 radius=100m (RTSFL only)
2026/03/09 14:17:52 HTTP GET /v3/public/nearby_stops?lat=29.625154&lon=-82.387890&radius=100
2026/03/09 14:17:52 nearby_stops RTSFL best match at radius=100m: GSID=RTSFL:11769 name="Butler Plaza Transfer Station" dist=1.00
2026/03/09 14:17:52 Nearby origin: GTFS="Reitz Union" → API="Reitz Union" (GSID=RTSFL:12261)
2026/03/09 14:17:52 Nearby destination: GTFS="Butler Plaza Transfer Station" → API="Butler Plaza Transfer Station"
2026/03/09 14:17:52 Realtime fast-path search: originGSID=RTSFL:12261 originName="Reitz Union" destName="Butler Plaza Transfer Station"
2026/03/09 14:17:52 HTTP GET /v3/public/stop_departures?global_stop_id=RTSFL%3A12261&max_num_departures=20&remove_cancelled=true&should_update_realtime=true
2026/03/09 14:17:52 stop_departures returned 7 routes
2026/03/09 14:17:52 Route 20 (Reitz Union To Oaks Mall) has 1 itineraries
2026/03/09 14:17:52   Itinerary headsign="Oaks Mall" has 9 schedule items
2026/03/09 14:17:52 Route 126 (UF E / W Circulator (Lakeside To Sorority Row)) has 1 itineraries
2026/03/09 14:17:52   Itinerary headsign="Lakeside" has 10 schedule items
2026/03/09 14:17:52 Route 9 (Reitz Union To Hunters Run) has 2 itineraries
2026/03/09 14:17:52   Itinerary headsign="Hunters Run" has 10 schedule items
2026/03/09 14:17:52   Itinerary headsign="The Hub" has 10 schedule items
2026/03/09 14:17:52 Route 37 (Reitz Union to Butler Plaza Transfer Sta) has 1 itineraries
2026/03/09 14:17:52   Itinerary headsign="Butler Plaza" has 9 schedule items
2026/03/09 14:17:52 Route 38 (Reitz Union to Gainesville Place) has 2 itineraries
2026/03/09 14:17:52   Itinerary headsign="Gainesville Place" has 10 schedule items
2026/03/09 14:17:52   Itinerary headsign="The Hub" has 10 schedule items
2026/03/09 14:17:52 Route 21 (Reitz Union To Liv Apartments) has 1 itineraries
2026/03/09 14:17:52   Itinerary headsign="Liv Apts" has 9 schedule items
2026/03/09 14:17:52 Route 52 (Reitz Union to Jonesville) has 1 itineraries
2026/03/09 14:17:52   Itinerary headsign="Jonesville" has 10 schedule items
2026/03/09 14:17:52 Realtime fast-path produced 0 matching direct trips
2026/03/09 14:17:52 Realtime fast-path failed or no trips: no direct realtime trips found
2026/03/09 14:19:01 CallToolRequest: origin="Rosa Parks RTS Downtown Station" dest="Oaks Mall" intent="NEXT_BUS"
2026/03/09 14:19:01 TransitClient created with API key (len=64)
2026/03/09 14:19:01 GTFS fuzzy resolve OK: input="Rosa Parks RTS Downtown Station" → "Rosa Parks RTS Downtown Station" (score=1.000)
2026/03/09 14:19:01 GTFS fuzzy resolve OK: input="Oaks Mall" → "Oaks Mall" (score=1.000)
2026/03/09 14:19:01 GTFS origin resolved: input="Rosa Parks RTS Downtown Station" → "Rosa Parks RTS Downtown Station" (lat=29.645567 lon=-82.322697)
2026/03/09 14:19:01 GTFS destination resolved: input="Oaks Mall" → "Oaks Mall" (lat=29.659514 lon=-82.413875)
2026/03/09 14:19:01 Calling nearby_stops for lat=29.645567 lon=-82.322697 radius=100m (RTSFL only)
2026/03/09 14:19:01 HTTP GET /v3/public/nearby_stops?lat=29.645567&lon=-82.322697&radius=100
2026/03/09 14:19:02 nearby_stops RTSFL best match at radius=100m: GSID=RTSFL:11797 name="Rosa Parks RTS Downtown Station" dist=1.00
2026/03/09 14:19:02 Calling nearby_stops for lat=29.659514 lon=-82.413875 radius=100m (RTSFL only)
2026/03/09 14:19:02 HTTP GET /v3/public/nearby_stops?lat=29.659514&lon=-82.413875&radius=100
2026/03/09 14:19:02 nearby_stops RTSFL best match at radius=100m: GSID=RTSFL:12732 name="Oaks Mall" dist=0.00
2026/03/09 14:19:02 Nearby origin: GTFS="Rosa Parks RTS Downtown Station" → API="Rosa Parks RTS Downtown Station" (GSID=RTSFL:11797)
2026/03/09 14:19:02 Nearby destination: GTFS="Oaks Mall" → API="Oaks Mall"
2026/03/09 14:19:02 Realtime fast-path search: originGSID=RTSFL:11797 originName="Rosa Parks RTS Downtown Station" destName="Oaks Mall"
2026/03/09 14:19:02 HTTP GET /v3/public/stop_departures?global_stop_id=RTSFL%3A11797&max_num_departures=20&remove_cancelled=true&should_update_realtime=true
2026/03/09 14:19:02 stop_departures returned 10 routes
2026/03/09 14:19:02 Route 15 (Downtown Sta To NW 13 Street / NW 23 Av) has 2 itineraries
2026/03/09 14:19:02   Itinerary headsign="NW 13th St" has 10 schedule items
2026/03/09 14:19:02   Itinerary headsign="Downtown Station" has 9 schedule items
2026/03/09 14:19:02 Route 26 (Downtown Station to Airport) has 1 itineraries
2026/03/09 14:19:02   Itinerary headsign="Airport" has 10 schedule items
2026/03/09 14:19:02 Route 10 (Downtown Station To Santa Fe College) has 1 itineraries
2026/03/09 14:19:02   Itinerary headsign="Santa Fe College" has 10 schedule items
2026/03/09 14:19:02 Route 1 (Downtown Station to Butler Plaza) has 1 itineraries
2026/03/09 14:19:02   Itinerary headsign="Butler Plaza" has 9 schedule items
2026/03/09 14:19:02 Route 5 (Downtown Station to Oaks Mall) has 1 itineraries
2026/03/09 14:19:02   Itinerary headsign="Oaks Mall" has 10 schedule items
2026/03/09 14:19:02     Fast-path match: route=5 headsign="Oaks Mall" departure=1773082200 isRealtime=false
2026/03/09 14:19:02 Route 17 (Beaty Towers To Rosa Parks Downtown Sta) has 2 itineraries
2026/03/09 14:19:02   Itinerary headsign="Downtown Station" has 10 schedule items
2026/03/09 14:19:02   Itinerary headsign="Beaty Towers" has 10 schedule items
2026/03/09 14:19:02 Route 3 (Downtown Station to N Main Post Office) has 1 itineraries
2026/03/09 14:19:02   Itinerary headsign="Post Office" has 10 schedule items
2026/03/09 14:19:02 Route 6 (Downtown Sta to N Walmart Supercenter) has 1 itineraries
2026/03/09 14:19:02   Itinerary headsign="N Walmart" has 10 schedule items
2026/03/09 14:19:02 Route 7 (Downtown Station to Eastwood Meadows) has 1 itineraries
2026/03/09 14:19:02   Itinerary headsign="Eastwood Meadows" has 10 schedule items
2026/03/09 14:19:02 Route 11 (Downtown Station To Eastwood Meadows) has 1 itineraries
2026/03/09 14:19:02   Itinerary headsign="Eastwood Meadows" has 10 schedule items
2026/03/09 14:19:02 Realtime fast-path produced 1 matching direct trips
2026/03/25 10:54:13 Loaded 952 GTFS stops from ../data/stops.txt
2026/03/25 10:54:13 Indexed 91516 stop_times from ../data/stop_times.txt into 3409 trips
2026/03/25 11:18:15 CallToolRequest: origin="Reitz Union" dest="Library West" intent="NEXT_BUS"
2026/03/25 11:18:15 TransitClient created with API key (len=9)
2026/03/25 11:18:15 GTFS fuzzy resolve OK: input="Reitz Union" → "Reitz Union" (score=1.000)
2026/03/25 11:26:50 CallToolRequest: origin="Reitz Union" dest="" intent="LIST_BUSES"
2026/03/25 13:39:01 Loaded 952 GTFS stops from ../data/stops.txt
2026/03/25 13:39:01 Indexed 91516 stop_times from ../data/stop_times.txt into 3409 trips
2026/03/25 13:51:21 CallToolRequest: origin="Beaty Towers" dest="Downtown Station" intent="NEXT_BUS"
2026/03/25 13:51:21 TransitClient created with API key (len=9)
2026/03/25 13:51:21 GTFS fuzzy resolve OK: input="Beaty Towers" → "Beaty Towers" (score=1.000)
2026/03/25 13:51:21 GTFS fuzzy resolve OK: input="Downtown Station" → "Downtown Library" (score=0.769)
2026/03/25 13:51:21 GTFS origin resolved: input="Beaty Towers" → "Beaty Towers" (lat=29.644929 lon=-82.340175)
2026/03/25 13:51:21 GTFS destination resolved: input="Downtown Station" → "Downtown Library" (lat=29.651766 lon=-82.322318)
2026/03/25 13:51:21 Calling nearby_stops for lat=29.644929 lon=-82.340175 radius=100m (RTSFL only)
2026/03/25 13:51:21 HTTP GET /v3/public/nearby_stops?lat=29.644929&lon=-82.340175&radius=100
2026/03/25 13:51:21 HTTP GET /v3/public/nearby_stops returned status 401
2026/03/25 13:59:53 Loaded 952 GTFS stops from ../data/stops.txt
2026/03/25 13:59:53 Indexed 91516 stop_times from ../data/stop_times.txt into 3409 trips
2026/03/25 14:01:12 CallToolRequest: origin="Beaty Towers" dest="Downtown Station" intent="NEXT_BUS"
2026/03/25 14:01:12 TransitClient created with API key (len=64)
2026/03/25 14:01:12 GTFS fuzzy resolve OK: input="Beaty Towers" → "Beaty Towers" (score=1.000)
2026/03/25 14:01:12 GTFS fuzzy resolve OK: input="Downtown Station" → "Downtown Library" (score=0.769)
2026/03/25 14:01:12 GTFS origin resolved: input="Beaty Towers" → "Beaty Towers" (lat=29.644929 lon=-82.340175)
2026/03/25 14:01:12 GTFS destination resolved: input="Downtown Station" → "Downtown Library" (lat=29.651766 lon=-82.322318)
2026/03/25 14:01:12 Calling nearby_stops for lat=29.644929 lon=-82.340175 radius=100m (RTSFL only)
2026/03/25 14:01:12 HTTP GET /v3/public/nearby_stops?lat=29.644929&lon=-82.340175&radius=100
2026/03/25 14:01:12 nearby_stops RTSFL best match at radius=100m: GSID=RTSFL:12488 name="Beaty Towers" dist=0.00
2026/03/25 14:01:12 Calling nearby_stops for lat=29.651766 lon=-82.322318 radius=100m (RTSFL only)
2026/03/25 14:01:12 HTTP GET /v3/public/nearby_stops?lat=29.651766&lon=-82.322318&radius=100
2026/03/25 14:01:12 nearby_stops RTSFL best match at radius=100m: GSID=RTSFL:12388 name="Downtown Library" dist=1.00
2026/03/25 14:01:12 Nearby origin: GTFS="Beaty Towers" → API="Beaty Towers" (GSID=RTSFL:12488)
2026/03/25 14:01:12 Nearby destination: GTFS="Downtown Library" → API="Downtown Library"
2026/03/25 14:01:12 Realtime fast-path search: originGSID=RTSFL:12488 originName="Beaty Towers" destName="Downtown Library"
2026/03/25 14:01:12 HTTP GET /v3/public/stop_departures?global_stop_id=RTSFL%3A12488&max_num_departures=20&remove_cancelled=true&should_update_realtime=true
2026/03/25 14:01:12 stop_departures returned 4 routes
2026/03/25 14:01:12 Route 126 (UF E / W Circulator (Lakeside To Sorority Row)) has 1 itineraries
2026/03/25 14:01:12   Itinerary headsign="Lakeside" has 10 schedule items
2026/03/25 14:01:12 Route 13 (US 441 to Alight Apartments) has 1 itineraries
2026/03/25 14:01:12   Itinerary headsign="US 441" has 9 schedule items
2026/03/25 14:01:12 Route 17 (Beaty Towers To Rosa Parks Downtown Sta) has 2 itineraries
2026/03/25 14:01:12   Itinerary headsign="Downtown Station" has 10 schedule items
2026/03/25 14:01:12   Itinerary headsign="Beaty Towers" has 10 schedule items
2026/03/25 14:01:12 Route 43 (UF Health to Santa Fe College) has 1 itineraries
2026/03/25 14:01:12   Itinerary headsign="UF Health" has 10 schedule items
2026/03/25 14:01:12 Realtime fast-path produced 0 matching direct trips
2026/03/25 14:01:12 Realtime fast-path failed or no trips: no direct realtime trips found
2026/04/02 17:40:01 Loaded 952 GTFS stops from ../data/stops.txt
2026/04/02 17:40:01 Indexed 91516 stop_times from ../data/stop_times.txt into 3409 trips
2026/04/06 11:58:11 Loaded 952 GTFS stops from ../data/stops.txt
2026/04/06 11:58:11 Indexed 91516 stop_times from ../data/stop_times.txt into 3409 trips
2026/04/06 14:03:28 CallToolRequest: origin="UF Health" dest="Walmart Supercenter" intent="NEXT_BUS"
2026/04/06 14:03:28 TransitClient created with API key (len=64)
2026/04/06 14:03:28 GTFS fuzzy resolve OK: input="UF Health" → "UF Heart Health" (score=0.801)
2026/04/06 14:03:28 GTFS fuzzy resolve OK: input="Walmart Supercenter" → "NE Walmart Supercenter" (score=0.817)
2026/04/06 14:03:28 GTFS origin resolved: input="UF Health" → "UF Heart Health" (lat=29.639961 lon=-82.339442)
2026/04/06 14:03:28 GTFS destination resolved: input="Walmart Supercenter" → "NE Walmart Supercenter" (lat=29.662615 lon=-82.302423)
2026/04/06 14:03:28 Calling nearby_stops for lat=29.639961 lon=-82.339442 radius=100m (RTSFL only)
2026/04/06 14:03:28 HTTP GET /v3/public/nearby_stops?lat=29.639961&lon=-82.339442&radius=100
2026/04/06 14:03:28 nearby_stops RTSFL best match at radius=100m: GSID=RTSFL:14693 name="UF Heart Health" dist=0.00
2026/04/06 14:03:28 Calling nearby_stops for lat=29.662615 lon=-82.302423 radius=100m (RTSFL only)
2026/04/06 14:03:28 HTTP GET /v3/public/nearby_stops?lat=29.662615&lon=-82.302423&radius=100
2026/04/06 14:03:28 nearby_stops RTSFL best match at radius=100m: GSID=RTSFL:11922 name="NE Walmart Supercenter" dist=0.00
2026/04/06 14:03:28 Nearby origin: GTFS="UF Heart Health" → API="UF Heart Health" (GSID=RTSFL:14693)
2026/04/06 14:03:28 Nearby destination: GTFS="NE Walmart Supercenter" → API="NE Walmart Supercenter"
2026/04/06 14:03:28 Realtime fast-path search: originGSID=RTSFL:14693 originName="UF Heart Health" destName="NE Walmart Supercenter"
2026/04/06 14:03:28 HTTP GET /v3/public/stop_departures?global_stop_id=RTSFL%3A14693&max_num_departures=20&remove_cancelled=true&should_update_realtime=true
2026/04/06 14:03:28 stop_departures returned 2 routes
2026/04/06 14:03:28 Route 8 (UF Health To N Walmart Supercenter) has 1 itineraries
2026/04/06 14:03:28   Itinerary headsign="UF Health" has 10 schedule items
2026/04/06 14:03:28 Route 13 (US 441 to Alight Apartments) has 1 itineraries
2026/04/06 14:03:28   Itinerary headsign="US 441" has 9 schedule items
2026/04/06 14:03:28 Realtime fast-path produced 0 matching direct trips
2026/04/06 14:03:28 Realtime fast-path failed or no trips: no direct realtime trips found
2026/04/06 14:35:34 CallToolRequest: origin="Downtown Station" dest="N Main Post Office" intent="NEXT_BUS"
2026/04/06 14:35:34 TransitClient created with API key (len=64)
2026/04/06 14:35:34 GTFS fuzzy resolve OK: input="Downtown Station" → "Downtown Library" (score=0.769)
2026/04/06 14:35:34 GTFS fuzzy resolve OK: input="N Main Post Office" → "N Main Post Office" (score=1.000)
2026/04/06 14:35:34 GTFS origin resolved: input="Downtown Station" → "Downtown Library" (lat=29.651766 lon=-82.322318)
2026/04/06 14:35:34 GTFS destination resolved: input="N Main Post Office" → "N Main Post Office" (lat=29.664846 lon=-82.325668)
2026/04/06 14:35:34 Calling nearby_stops for lat=29.651766 lon=-82.322318 radius=100m (RTSFL only)
2026/04/06 14:35:34 HTTP GET /v3/public/nearby_stops?lat=29.651766&lon=-82.322318&radius=100
2026/04/06 14:35:34 nearby_stops RTSFL best match at radius=100m: GSID=RTSFL:12388 name="Downtown Library" dist=1.00
2026/04/06 14:35:34 Calling nearby_stops for lat=29.664846 lon=-82.325668 radius=100m (RTSFL only)
2026/04/06 14:35:34 HTTP GET /v3/public/nearby_stops?lat=29.664846&lon=-82.325668&radius=100
2026/04/06 14:35:34 nearby_stops RTSFL best match at radius=100m: GSID=RTSFL:11914 name="N Main Post Office" dist=1.00
2026/04/06 14:35:34 Nearby origin: GTFS="Downtown Library" → API="Downtown Library" (GSID=RTSFL:12388)
2026/04/06 14:35:34 Nearby destination: GTFS="N Main Post Office" → API="N Main Post Office"
2026/04/06 14:35:34 Realtime fast-path search: originGSID=RTSFL:12388 originName="Downtown Library" destName="N Main Post Office"
2026/04/06 14:35:34 HTTP GET /v3/public/stop_departures?global_stop_id=RTSFL%3A12388&max_num_departures=20&remove_cancelled=true&should_update_realtime=true
2026/04/06 14:35:34 stop_departures returned 1 routes
2026/04/06 14:35:34 Route 11 (Downtown Station To Eastwood Meadows) has 1 itineraries
2026/04/06 14:35:34   Itinerary headsign="Eastwood Meadows" has 10 schedule items
2026/04/06 14:35:34 Realtime fast-path produced 0 matching direct trips
2026/04/06 14:35:34 Realtime fast-path failed or no trips: no direct realtime trips found
2026/04/06 14:36:01 CallToolRequest: origin="The Hub" dest="Reitz Union" intent="NEXT_BUS"
2026/04/06 14:36:01 TransitClient created with API key (len=64)
2026/04/06 14:36:01 GTFS fuzzy resolve OK: input="The Hub" → "The HUB" (score=1.000)
2026/04/06 14:36:01 GTFS fuzzy resolve OK: input="Reitz Union" → "Reitz Union" (score=1.000)
2026/04/06 14:36:01 GTFS origin resolved: input="The Hub" → "The HUB" (lat=29.648530 lon=-82.344960)
2026/04/06 14:36:01 GTFS destination resolved: input="Reitz Union" → "Reitz Union" (lat=29.645140 lon=-82.346983)
2026/04/06 14:36:01 Calling nearby_stops for lat=29.648530 lon=-82.344960 radius=100m (RTSFL only)
2026/04/06 14:36:01 HTTP GET /v3/public/nearby_stops?lat=29.648530&lon=-82.344960&radius=100
2026/04/06 14:36:01 nearby_stops RTSFL best match at radius=100m: GSID=RTSFL:13082 name="The HUB" dist=1.00
2026/04/06 14:36:01 Calling nearby_stops for lat=29.645140 lon=-82.346983 radius=100m (RTSFL only)
2026/04/06 14:36:01 HTTP GET /v3/public/nearby_stops?lat=29.645140&lon=-82.346983&radius=100
2026/04/06 14:36:01 nearby_stops RTSFL best match at radius=100m: GSID=RTSFL:12261 name="Reitz Union" dist=1.00
2026/04/06 14:36:01 Nearby origin: GTFS="The HUB" → API="The HUB" (GSID=RTSFL:13082)
2026/04/06 14:36:01 Nearby destination: GTFS="Reitz Union" → API="Reitz Union"
2026/04/06 14:36:01 Realtime fast-path search: originGSID=RTSFL:13082 originName="The HUB" destName="Reitz Union"
2026/04/06 14:36:01 HTTP GET /v3/public/stop_departures?global_stop_id=RTSFL%3A13082&max_num_departures=20&remove_cancelled=true&should_update_realtime=true
2026/04/06 14:36:01 stop_departures returned 6 routes
2026/04/06 14:36:01 Route 126 (UF E / W Circulator (Lakeside To Sorority Row)) has 1 itineraries
2026/04/06 14:36:01   Itinerary headsign="Sorority Row" has 10 schedule items
2026/04/06 14:36:01 Route 33 (Butler Plaza - The Standard) has 1 itineraries
2026/04/06 14:36:01   Itinerary headsign="Butler Plaza" has 9 schedule items
2026/04/06 14:36:01 Route 118 (P&R 1 (Cultural Plaza) To The Hub) has 1 itineraries
2026/04/06 14:36:01   Itinerary headsign="Cultural Plaza" has 9 schedule items
2026/04/06 14:36:01 Route 9 (Reitz Union To Hunters Run) has 1 itineraries
2026/04/06 14:36:01   Itinerary headsign="The Hub" has 10 schedule items
2026/04/06 14:36:01     Fast-path match: route=9 headsign="The Hub" departure=1775501280 isRealtime=false
2026/04/06 14:36:01 Route 38 (Reitz Union to Gainesville Place) has 1 itineraries
2026/04/06 14:36:01   Itinerary headsign="The Hub" has 10 schedule items
2026/04/06 14:36:01     Fast-path match: route=38 headsign="The Hub" departure=1775501280 isRealtime=false
2026/04/06 14:36:01 Route 12 (The Hub to Dollar General) has 2 itineraries
2026/04/06 14:36:01   Itinerary headsign="Dollar General" has 10 schedule items
2026/04/06 14:36:01   Itinerary headsign="The Hub" has 10 schedule items
2026/04/06 14:36:01 Realtime fast-path produced 2 matching direct trips
2026/04/06 14:50:18 Loaded 952 GTFS stops from ../data/stops.txt
2026/04/06 14:50:18 Indexed 91516 stop_times from ../data/stop_times.txt into 3409 trips
2026/04/06 15:14:17 CallToolRequest: origin="The Hub" dest="" intent="NEXT_BUS"
2026/04/09 20:17:31 Loaded 952 GTFS stops from ../data/stops.txt
2026/04/09 20:17:31 Indexed 91516 stop_times from ../data/stop_times.txt into 3409 trips
2026/04/09 20:23:18 Loaded 952 GTFS stops from ../data/stops.txt
2026/04/09 20:23:18 Indexed 91516 stop_times from ../data/stop_times.txt into 3409 trips
2026/04/09 20:29:08 CallToolRequest: origin="Reitz Union" dest="Hub" intent="NEXT_BUS"
2026/04/09 20:29:08 TransitClient created with API key (len=64)
2026/04/09 20:29:08 GTFS fuzzy resolve OK: input="Reitz Union" → "Reitz Union" (score=1.000)
2026/04/09 20:29:18 CallToolRequest: origin="Reitz Union" dest="The Hub" intent="NEXT_BUS"
2026/04/09 20:29:18 TransitClient created with API key (len=64)
2026/04/09 20:29:18 GTFS fuzzy resolve OK: input="Reitz Union" → "Reitz Union" (score=1.000)
2026/04/09 20:29:18 GTFS fuzzy resolve OK: input="The Hub" → "The HUB" (score=1.000)
2026/04/09 20:29:18 GTFS origin resolved: input="Reitz Union" → "Reitz Union" (lat=29.645140 lon=-82.346983)
2026/04/09 20:29:18 GTFS destination resolved: input="The Hub" → "The HUB" (lat=29.648530 lon=-82.344960)
2026/04/09 20:29:18 Calling nearby_stops for lat=29.645140 lon=-82.346983 radius=100m (RTSFL only)
2026/04/09 20:29:18 HTTP GET /v3/public/nearby_stops?lat=29.645140&lon=-82.346983&radius=100
2026/04/09 20:29:18 nearby_stops RTSFL best match at radius=100m: GSID=RTSFL:12261 name="Reitz Union" dist=1.00
2026/04/09 20:29:18 Calling nearby_stops for lat=29.648530 lon=-82.344960 radius=100m (RTSFL only)
2026/04/09 20:29:18 HTTP GET /v3/public/nearby_stops?lat=29.648530&lon=-82.344960&radius=100
2026/04/09 20:29:18 nearby_stops RTSFL best match at radius=100m: GSID=RTSFL:13082 name="The HUB" dist=1.00
2026/04/09 20:29:18 Nearby origin: GTFS="Reitz Union" → API="Reitz Union" (GSID=RTSFL:12261)
2026/04/09 20:29:18 Nearby destination: GTFS="The HUB" → API="The HUB"
2026/04/09 20:29:18 Realtime fast-path search: originGSID=RTSFL:12261 originName="Reitz Union" destName="The HUB"
2026/04/09 20:29:18 HTTP GET /v3/public/stop_departures?global_stop_id=RTSFL%3A12261&max_num_departures=20&remove_cancelled=true&should_update_realtime=true
2026/04/09 20:29:18 stop_departures returned 7 routes
2026/04/09 20:29:18 Route 21 (Reitz Union To Liv Apartments) has 1 itineraries
2026/04/09 20:29:18   Itinerary headsign="Liv Apts" has 10 schedule items
2026/04/09 20:29:18 Route 52 (Reitz Union to Jonesville) has 1 itineraries
2026/04/09 20:29:18   Itinerary headsign="Jonesville" has 10 schedule items
2026/04/09 20:29:18 Route 126 (UF E / W Circulator (Lakeside To Sorority Row)) has 1 itineraries
2026/04/09 20:29:18   Itinerary headsign="Lakeside" has 10 schedule items
2026/04/09 20:29:18 Route 20 (Reitz Union To Oaks Mall) has 1 itineraries
2026/04/09 20:29:18   Itinerary headsign="Oaks Mall" has 10 schedule items
2026/04/09 20:29:18 Route 37 (Reitz Union to Butler Plaza Transfer Sta) has 1 itineraries
2026/04/09 20:29:18   Itinerary headsign="Butler Plaza" has 9 schedule items
2026/04/09 20:29:18 Route 9 (Reitz Union To Hunters Run) has 2 itineraries
2026/04/09 20:29:18   Itinerary headsign="Hunters Run" has 10 schedule items
2026/04/09 20:29:18   Itinerary headsign="The Hub" has 10 schedule items
2026/04/09 20:29:18     Fast-path match: route=9 headsign="The Hub" departure=1775783100 isRealtime=false
2026/04/09 20:29:18 Route 38 (Reitz Union to Gainesville Place) has 2 itineraries
2026/04/09 20:29:18   Itinerary headsign="Gainesville Place" has 10 schedule items
2026/04/09 20:29:18   Itinerary headsign="The Hub" has 10 schedule items
2026/04/09 20:29:18     Fast-path match: route=38 headsign="The Hub" departure=1775783280 isRealtime=false
2026/04/09 20:29:18 Realtime fast-path produced 2 matching direct trips
2026/04/09 20:31:32 CallToolRequest: origin="Reitz Union" dest="The Hub" intent="NEXT_BUS"
2026/04/09 20:31:32 TransitClient created with API key (len=64)
2026/04/09 20:31:32 GTFS fuzzy resolve OK: input="Reitz Union" → "Reitz Union" (score=1.000)
2026/04/09 20:31:32 GTFS fuzzy resolve OK: input="The Hub" → "The HUB" (score=1.000)
2026/04/09 20:31:32 GTFS origin resolved: input="Reitz Union" → "Reitz Union" (lat=29.645140 lon=-82.346983)
2026/04/09 20:31:32 GTFS destination resolved: input="The Hub" → "The HUB" (lat=29.648530 lon=-82.344960)
2026/04/09 20:31:32 Calling nearby_stops for lat=29.645140 lon=-82.346983 radius=100m (RTSFL only)
2026/04/09 20:31:32 HTTP GET /v3/public/nearby_stops?lat=29.645140&lon=-82.346983&radius=100
2026/04/09 20:31:32 nearby_stops RTSFL best match at radius=100m: GSID=RTSFL:12261 name="Reitz Union" dist=1.00
2026/04/09 20:31:32 Calling nearby_stops for lat=29.648530 lon=-82.344960 radius=100m (RTSFL only)
2026/04/09 20:31:32 HTTP GET /v3/public/nearby_stops?lat=29.648530&lon=-82.344960&radius=100
2026/04/09 20:31:32 nearby_stops RTSFL best match at radius=100m: GSID=RTSFL:13082 name="The HUB" dist=1.00
2026/04/09 20:31:32 Nearby origin: GTFS="Reitz Union" → API="Reitz Union" (GSID=RTSFL:12261)
2026/04/09 20:31:32 Nearby destination: GTFS="The HUB" → API="The HUB"
2026/04/09 20:31:32 Realtime fast-path search: originGSID=RTSFL:12261 originName="Reitz Union" destName="The HUB"
2026/04/09 20:31:32 HTTP GET /v3/public/stop_departures?global_stop_id=RTSFL%3A12261&max_num_departures=20&remove_cancelled=true&should_update_realtime=true
2026/04/09 20:31:32 stop_departures returned 7 routes
2026/04/09 20:31:32 Route 21 (Reitz Union To Liv Apartments) has 1 itineraries
2026/04/09 20:31:32   Itinerary headsign="Liv Apts" has 10 schedule items
2026/04/09 20:31:32 Route 52 (Reitz Union to Jonesville) has 1 itineraries
2026/04/09 20:31:32   Itinerary headsign="Jonesville" has 10 schedule items
2026/04/09 20:31:32 Route 126 (UF E / W Circulator (Lakeside To Sorority Row)) has 1 itineraries
2026/04/09 20:31:32   Itinerary headsign="Lakeside" has 10 schedule items
2026/04/09 20:31:32 Route 20 (Reitz Union To Oaks Mall) has 1 itineraries
2026/04/09 20:31:32   Itinerary headsign="Oaks Mall" has 10 schedule items
2026/04/09 20:31:32 Route 37 (Reitz Union to Butler Plaza Transfer Sta) has 1 itineraries
2026/04/09 20:31:32   Itinerary headsign="Butler Plaza" has 9 schedule items
2026/04/09 20:31:32 Route 9 (Reitz Union To Hunters Run) has 2 itineraries
2026/04/09 20:31:32   Itinerary headsign="Hunters Run" has 10 schedule items
2026/04/09 20:31:32   Itinerary headsign="The Hub" has 10 schedule items
2026/04/09 20:31:32     Fast-path match: route=9 headsign="The Hub" departure=1775783100 isRealtime=false
2026/04/09 20:31:32 Route 38 (Reitz Union to Gainesville Place) has 2 itineraries
2026/04/09 20:31:32   Itinerary headsign="Gainesville Place" has 10 schedule items
2026/04/09 20:31:32   Itinerary headsign="The Hub" has 10 schedule items
2026/04/09 20:31:32     Fast-path match: route=38 headsign="The Hub" departure=1775783280 isRealtime=false
2026/04/09 20:31:32 Realtime fast-path produced 2 matching direct trips
2026/04/09 20:33:54 CallToolRequest: origin="The Hub" dest="Reitz Union" intent="NEXT_BUS"
2026/04/09 20:33:54 TransitClient created with API key (len=64)
2026/04/09 20:33:54 GTFS fuzzy resolve OK: input="The Hub" → "The HUB" (score=1.000)
2026/04/09 20:33:54 GTFS fuzzy resolve OK: input="Reitz Union" → "Reitz Union" (score=1.000)
2026/04/09 20:33:54 GTFS origin resolved: input="The Hub" → "The HUB" (lat=29.648530 lon=-82.344960)
2026/04/09 20:33:54 GTFS destination resolved: input="Reitz Union" → "Reitz Union" (lat=29.645140 lon=-82.346983)
2026/04/09 20:33:54 Calling nearby_stops for lat=29.648530 lon=-82.344960 radius=100m (RTSFL only)
2026/04/09 20:33:54 HTTP GET /v3/public/nearby_stops?lat=29.648530&lon=-82.344960&radius=100
2026/04/09 20:33:54 nearby_stops RTSFL best match at radius=100m: GSID=RTSFL:13082 name="The HUB" dist=1.00
2026/04/09 20:33:54 Calling nearby_stops for lat=29.645140 lon=-82.346983 radius=100m (RTSFL only)
2026/04/09 20:33:54 HTTP GET /v3/public/nearby_stops?lat=29.645140&lon=-82.346983&radius=100
2026/04/09 20:33:54 nearby_stops RTSFL best match at radius=100m: GSID=RTSFL:12261 name="Reitz Union" dist=1.00
2026/04/09 20:33:54 Nearby origin: GTFS="The HUB" → API="The HUB" (GSID=RTSFL:13082)
2026/04/09 20:33:54 Nearby destination: GTFS="Reitz Union" → API="Reitz Union"
2026/04/09 20:33:54 Realtime fast-path search: originGSID=RTSFL:13082 originName="The HUB" destName="Reitz Union"
2026/04/09 20:33:54 HTTP GET /v3/public/stop_departures?global_stop_id=RTSFL%3A13082&max_num_departures=20&remove_cancelled=true&should_update_realtime=true
2026/04/09 20:33:54 stop_departures returned 6 routes
2026/04/09 20:33:54 Route 118 (P&R 1 (Cultural Plaza) To The Hub) has 1 itineraries
2026/04/09 20:33:54   Itinerary headsign="Cultural Plaza" has 10 schedule items
2026/04/09 20:33:54 Route 126 (UF E / W Circulator (Lakeside To Sorority Row)) has 1 itineraries
2026/04/09 20:33:54   Itinerary headsign="Sorority Row" has 10 schedule items
2026/04/09 20:33:54 Route 33 (Butler Plaza - The Standard) has 1 itineraries
2026/04/09 20:33:54   Itinerary headsign="Butler Plaza" has 9 schedule items
2026/04/09 20:33:54 Route 12 (The Hub to Dollar General) has 2 itineraries
2026/04/09 20:33:54   Itinerary headsign="Dollar General" has 10 schedule items
2026/04/09 20:33:54   Itinerary headsign="The Hub" has 10 schedule items
2026/04/09 20:33:54 Route 9 (Reitz Union To Hunters Run) has 1 itineraries
2026/04/09 20:33:54   Itinerary headsign="The Hub" has 10 schedule items
2026/04/09 20:33:54     Fast-path match: route=9 headsign="The Hub" departure=1775782980 isRealtime=false
2026/04/09 20:33:54 Route 38 (Reitz Union to Gainesville Place) has 1 itineraries
2026/04/09 20:33:54   Itinerary headsign="The Hub" has 10 schedule items
2026/04/09 20:33:54     Fast-path match: route=38 headsign="The Hub" departure=1775783040 isRealtime=false
2026/04/09 20:33:54 Realtime fast-path produced 2 matching direct trips
2026/04/09 20:35:11 CallToolRequest: origin="Reitz Union" dest="Butler Plaza Transfer Station" intent="NEXT_BUS"
2026/04/09 20:35:11 TransitClient created with API key (len=64)
2026/04/09 20:35:11 GTFS fuzzy resolve OK: input="Reitz Union" → "Reitz Union" (score=1.000)
2026/04/09 20:35:11 GTFS fuzzy resolve OK: input="Butler Plaza Transfer Station" → "Butler Plaza Transfer Station" (score=1.000)
2026/04/09 20:35:11 GTFS origin resolved: input="Reitz Union" → "Reitz Union" (lat=29.645140 lon=-82.346983)
2026/04/09 20:35:11 GTFS destination resolved: input="Butler Plaza Transfer Station" → "Butler Plaza Transfer Station" (lat=29.625154 lon=-82.387890)
2026/04/09 20:35:11 Calling nearby_stops for lat=29.645140 lon=-82.346983 radius=100m (RTSFL only)
2026/04/09 20:35:11 HTTP GET /v3/public/nearby_stops?lat=29.645140&lon=-82.346983&radius=100
2026/04/09 20:35:11 nearby_stops RTSFL best match at radius=100m: GSID=RTSFL:12261 name="Reitz Union" dist=1.00
2026/04/09 20:35:11 Calling nearby_stops for lat=29.625154 lon=-82.387890 radius=100m (RTSFL only)
2026/04/09 20:35:11 HTTP GET /v3/public/nearby_stops?lat=29.625154&lon=-82.387890&radius=100
2026/04/09 20:35:11 nearby_stops RTSFL best match at radius=100m: GSID=RTSFL:11769 name="Butler Plaza Transfer Station" dist=1.00
2026/04/09 20:35:11 Nearby origin: GTFS="Reitz Union" → API="Reitz Union" (GSID=RTSFL:12261)
2026/04/09 20:35:11 Nearby destination: GTFS="Butler Plaza Transfer Station" → API="Butler Plaza Transfer Station"
2026/04/09 20:35:11 Realtime fast-path search: originGSID=RTSFL:12261 originName="Reitz Union" destName="Butler Plaza Transfer Station"
2026/04/09 20:35:11 HTTP GET /v3/public/stop_departures?global_stop_id=RTSFL%3A12261&max_num_departures=20&remove_cancelled=true&should_update_realtime=true
2026/04/09 20:35:11 stop_departures returned 7 routes
2026/04/09 20:35:11 Route 21 (Reitz Union To Liv Apartments) has 1 itineraries
2026/04/09 20:35:11   Itinerary headsign="Liv Apts" has 10 schedule items
2026/04/09 20:35:11 Route 52 (Reitz Union to Jonesville) has 1 itineraries
2026/04/09 20:35:11   Itinerary headsign="Jonesville" has 10 schedule items
2026/04/09 20:35:11 Route 126 (UF E / W Circulator (Lakeside To Sorority Row)) has 1 itineraries
2026/04/09 20:35:11   Itinerary headsign="Lakeside" has 10 schedule items
2026/04/09 20:35:11 Route 20 (Reitz Union To Oaks Mall) has 1 itineraries
2026/04/09 20:35:11   Itinerary headsign="Oaks Mall" has 10 schedule items
2026/04/09 20:35:11 Route 37 (Reitz Union to Butler Plaza Transfer Sta) has 1 itineraries
2026/04/09 20:35:11   Itinerary headsign="Butler Plaza" has 9 schedule items
2026/04/09 20:35:11 Route 9 (Reitz Union To Hunters Run) has 2 itineraries
2026/04/09 20:35:11   Itinerary headsign="Hunters Run" has 10 schedule items
2026/04/09 20:35:11   Itinerary headsign="The Hub" has 10 schedule items
2026/04/09 20:35:11 Route 38 (Reitz Union to Gainesville Place) has 2 itineraries
2026/04/09 20:35:11   Itinerary headsign="Gainesville Place" has 10 schedule items
2026/04/09 20:35:11   Itinerary headsign="The Hub" has 10 schedule items
2026/04/09 20:35:11 Realtime fast-path produced 0 matching direct trips
2026/04/09 20:35:11 Realtime fast-path failed or no trips: no direct realtime trips found
2026/04/09 20:35:51 CallToolRequest: origin="Beaty Towers" dest="Downtown Station" intent="NEXT_BUS"
2026/04/09 20:35:51 TransitClient created with API key (len=64)
2026/04/09 20:35:51 GTFS fuzzy resolve OK: input="Beaty Towers" → "Beaty Towers" (score=1.000)
2026/04/09 20:35:51 GTFS fuzzy resolve OK: input="Downtown Station" → "Downtown Library" (score=0.769)
2026/04/09 20:35:51 GTFS origin resolved: input="Beaty Towers" → "Beaty Towers" (lat=29.644929 lon=-82.340175)
2026/04/09 20:35:51 GTFS destination resolved: input="Downtown Station" → "Downtown Library" (lat=29.651766 lon=-82.322318)
2026/04/09 20:35:51 Calling nearby_stops for lat=29.644929 lon=-82.340175 radius=100m (RTSFL only)
2026/04/09 20:35:51 HTTP GET /v3/public/nearby_stops?lat=29.644929&lon=-82.340175&radius=100
2026/04/09 20:35:51 nearby_stops RTSFL best match at radius=100m: GSID=RTSFL:12488 name="Beaty Towers" dist=0.00
2026/04/09 20:35:51 Calling nearby_stops for lat=29.651766 lon=-82.322318 radius=100m (RTSFL only)
2026/04/09 20:35:51 HTTP GET /v3/public/nearby_stops?lat=29.651766&lon=-82.322318&radius=100
2026/04/09 20:35:51 nearby_stops RTSFL best match at radius=100m: GSID=RTSFL:12388 name="Downtown Library" dist=1.00
2026/04/09 20:35:51 Nearby origin: GTFS="Beaty Towers" → API="Beaty Towers" (GSID=RTSFL:12488)
2026/04/09 20:35:51 Nearby destination: GTFS="Downtown Library" → API="Downtown Library"
2026/04/09 20:35:51 Realtime fast-path search: originGSID=RTSFL:12488 originName="Beaty Towers" destName="Downtown Library"
2026/04/09 20:35:51 HTTP GET /v3/public/stop_departures?global_stop_id=RTSFL%3A12488&max_num_departures=20&remove_cancelled=true&should_update_realtime=true
2026/04/09 20:35:51 HTTP GET /v3/public/stop_departures returned status 429
2026/04/09 20:35:51 Realtime fast-path failed or no trips: API returned 429
2026/04/09 20:37:04 CallToolRequest: origin="UF Health" dest="Walmart Supercenter" intent="NEXT_BUS"
2026/04/09 20:37:04 TransitClient created with API key (len=64)
2026/04/09 20:37:04 GTFS fuzzy resolve OK: input="UF Health" → "UF Heart Health" (score=0.801)
2026/04/09 20:37:04 GTFS fuzzy resolve OK: input="Walmart Supercenter" → "NE Walmart Supercenter" (score=0.817)
2026/04/09 20:37:04 GTFS origin resolved: input="UF Health" → "UF Heart Health" (lat=29.639961 lon=-82.339442)
2026/04/09 20:37:04 GTFS destination resolved: input="Walmart Supercenter" → "NE Walmart Supercenter" (lat=29.662615 lon=-82.302423)
2026/04/09 20:37:04 Calling nearby_stops for lat=29.639961 lon=-82.339442 radius=100m (RTSFL only)
2026/04/09 20:37:04 HTTP GET /v3/public/nearby_stops?lat=29.639961&lon=-82.339442&radius=100
2026/04/09 20:37:04 nearby_stops RTSFL best match at radius=100m: GSID=RTSFL:14693 name="UF Heart Health" dist=0.00
2026/04/09 20:37:04 Calling nearby_stops for lat=29.662615 lon=-82.302423 radius=100m (RTSFL only)
2026/04/09 20:37:04 HTTP GET /v3/public/nearby_stops?lat=29.662615&lon=-82.302423&radius=100
2026/04/09 20:37:04 nearby_stops RTSFL best match at radius=100m: GSID=RTSFL:11922 name="NE Walmart Supercenter" dist=0.00
2026/04/09 20:37:04 Nearby origin: GTFS="UF Heart Health" → API="UF Heart Health" (GSID=RTSFL:14693)
2026/04/09 20:37:04 Nearby destination: GTFS="NE Walmart Supercenter" → API="NE Walmart Supercenter"
2026/04/09 20:37:04 Realtime fast-path search: originGSID=RTSFL:14693 originName="UF Heart Health" destName="NE Walmart Supercenter"
2026/04/09 20:37:04 HTTP GET /v3/public/stop_departures?global_stop_id=RTSFL%3A14693&max_num_departures=20&remove_cancelled=true&should_update_realtime=true
2026/04/09 20:37:04 stop_departures returned 2 routes
2026/04/09 20:37:04 Route 13 (US 441 to Alight Apartments) has 1 itineraries
2026/04/09 20:37:04   Itinerary headsign="US 441" has 9 schedule items
2026/04/09 20:37:04 Route 8 (UF Health To N Walmart Supercenter) has 1 itineraries
2026/04/09 20:37:04   Itinerary headsign="UF Health" has 10 schedule items
2026/04/09 20:37:04 Realtime fast-path produced 0 matching direct trips
2026/04/09 20:37:04 Realtime fast-path failed or no trips: no direct realtime trips found
2026/04/09 20:37:23 CallToolRequest: origin="Rosa Parks RTS Downtown Station" dest="Oaks Mall" intent="NEXT_BUS"
2026/04/09 20:37:23 TransitClient created with API key (len=64)
2026/04/09 20:37:23 GTFS fuzzy resolve OK: input="Rosa Parks RTS Downtown Station" → "Rosa Parks RTS Downtown Station" (score=1.000)
2026/04/09 20:37:23 GTFS fuzzy resolve OK: input="Oaks Mall" → "Oaks Mall" (score=1.000)
2026/04/09 20:37:23 GTFS origin resolved: input="Rosa Parks RTS Downtown Station" → "Rosa Parks RTS Downtown Station" (lat=29.645567 lon=-82.322697)
2026/04/09 20:37:23 GTFS destination resolved: input="Oaks Mall" → "Oaks Mall" (lat=29.659514 lon=-82.413875)
2026/04/09 20:37:23 Calling nearby_stops for lat=29.645567 lon=-82.322697 radius=100m (RTSFL only)
2026/04/09 20:37:23 HTTP GET /v3/public/nearby_stops?lat=29.645567&lon=-82.322697&radius=100
2026/04/09 20:37:23 nearby_stops RTSFL best match at radius=100m: GSID=RTSFL:11797 name="Rosa Parks RTS Downtown Station" dist=1.00
2026/04/09 20:37:23 Calling nearby_stops for lat=29.659514 lon=-82.413875 radius=100m (RTSFL only)
2026/04/09 20:37:23 HTTP GET /v3/public/nearby_stops?lat=29.659514&lon=-82.413875&radius=100
2026/04/09 20:37:23 nearby_stops RTSFL best match at radius=100m: GSID=RTSFL:12732 name="Oaks Mall" dist=0.00
2026/04/09 20:37:23 Nearby origin: GTFS="Rosa Parks RTS Downtown Station" → API="Rosa Parks RTS Downtown Station" (GSID=RTSFL:11797)
2026/04/09 20:37:23 Nearby destination: GTFS="Oaks Mall" → API="Oaks Mall"
2026/04/09 20:37:23 Realtime fast-path search: originGSID=RTSFL:11797 originName="Rosa Parks RTS Downtown Station" destName="Oaks Mall"
2026/04/09 20:37:23 HTTP GET /v3/public/stop_departures?global_stop_id=RTSFL%3A11797&max_num_departures=20&remove_cancelled=true&should_update_realtime=true
2026/04/09 20:37:23 HTTP GET /v3/public/stop_departures returned status 429
2026/04/09 20:37:23 Realtime fast-path failed or no trips: API returned 429
2026/04/09 20:37:41 CallToolRequest: origin="Beaty Towers" dest="Downtown Station" intent="NEXT_BUS"
2026/04/09 20:37:41 TransitClient created with API key (len=64)
2026/04/09 20:37:41 GTFS fuzzy resolve OK: input="Beaty Towers" → "Beaty Towers" (score=1.000)
2026/04/09 20:37:41 GTFS fuzzy resolve OK: input="Downtown Station" → "Downtown Library" (score=0.769)
2026/04/09 20:37:41 GTFS origin resolved: input="Beaty Towers" → "Beaty Towers" (lat=29.644929 lon=-82.340175)
2026/04/09 20:37:41 GTFS destination resolved: input="Downtown Station" → "Downtown Library" (lat=29.651766 lon=-82.322318)
2026/04/09 20:37:41 Calling nearby_stops for lat=29.644929 lon=-82.340175 radius=100m (RTSFL only)
2026/04/09 20:37:41 HTTP GET /v3/public/nearby_stops?lat=29.644929&lon=-82.340175&radius=100
2026/04/09 20:37:41 HTTP GET /v3/public/nearby_stops returned status 429
2026/04/09 20:37:52 CallToolRequest: origin="Beaty Towers" dest="Downtown Station" intent="NEXT_BUS"
2026/04/09 20:37:52 TransitClient created with API key (len=64)
2026/04/09 20:37:52 GTFS fuzzy resolve OK: input="Beaty Towers" → "Beaty Towers" (score=1.000)
2026/04/09 20:37:52 GTFS fuzzy resolve OK: input="Downtown Station" → "Downtown Library" (score=0.769)
2026/04/09 20:37:52 GTFS origin resolved: input="Beaty Towers" → "Beaty Towers" (lat=29.644929 lon=-82.340175)
2026/04/09 20:37:52 GTFS destination resolved: input="Downtown Station" → "Downtown Library" (lat=29.651766 lon=-82.322318)
2026/04/09 20:37:52 Calling nearby_stops for lat=29.644929 lon=-82.340175 radius=100m (RTSFL only)
2026/04/09 20:37:52 HTTP GET /v3/public/nearby_stops?lat=29.644929&lon=-82.340175&radius=100
2026/04/09 20:37:52 HTTP GET /v3/public/nearby_stops returned status 429
2026/04/09 21:02:10 Loaded 952 GTFS stops from ../data/stops.txt
2026/04/09 21:02:10 Indexed 91516 stop_times from ../data/stop_times.txt into 3409 trips
2026/04/09 22:33:33 Loaded 952 GTFS stops from ../data/stops.txt
2026/04/09 22:33:33 Indexed 91516 stop_times from ../data/stop_times.txt into 3409 trips
2026/04/10 08:47:43 Loaded 952 GTFS stops from ../data/stops.txt
2026/04/10 08:47:43 Indexed 91516 stop_times from ../data/stop_times.txt into 3409 trips
2026/04/10 08:59:30 Loaded 952 GTFS stops from ../data/stops.txt
2026/04/10 08:59:30 Indexed 91516 stop_times from ../data/stop_times.txt into 3409 trips
2026/04/10 09:04:42 Loaded 952 GTFS stops from ../data/stops.txt
2026/04/10 09:04:42 Indexed 91516 stop_times from ../data/stop_times.txt into 3409 trips
2026/04/10 09:39:36 CallToolRequest: origin="The Hub" dest="Reitz Union" intent="NEXT_BUS"
2026/04/10 09:39:36 TransitClient created with API key (len=64)
2026/04/10 09:39:36 GTFS fuzzy resolve OK: input="The Hub" → "The HUB" (score=1.000)
2026/04/10 09:39:36 GTFS fuzzy resolve OK: input="Reitz Union" → "Reitz Union" (score=1.000)
2026/04/10 09:39:36 GTFS origin resolved: input="The Hub" → "The HUB" (lat=29.648530 lon=-82.344960)
2026/04/10 09:39:36 GTFS destination resolved: input="Reitz Union" → "Reitz Union" (lat=29.645140 lon=-82.346983)
2026/04/10 09:39:36 Calling nearby_stops for lat=29.648530 lon=-82.344960 radius=100m (RTSFL only)
2026/04/10 09:39:36 HTTP GET /v3/public/nearby_stops?lat=29.648530&lon=-82.344960&radius=100
2026/04/10 09:39:36 nearby_stops RTSFL best match at radius=100m: GSID=RTSFL:13082 name="The HUB" dist=1.00
2026/04/10 09:39:36 Calling nearby_stops for lat=29.645140 lon=-82.346983 radius=100m (RTSFL only)
2026/04/10 09:39:36 HTTP GET /v3/public/nearby_stops?lat=29.645140&lon=-82.346983&radius=100
2026/04/10 09:39:36 nearby_stops RTSFL best match at radius=100m: GSID=RTSFL:12261 name="Reitz Union" dist=1.00
2026/04/10 09:39:36 Nearby origin: GTFS="The HUB" → API="The HUB" (GSID=RTSFL:13082)
2026/04/10 09:39:36 Nearby destination: GTFS="Reitz Union" → API="Reitz Union"
2026/04/10 09:39:36 Realtime fast-path search: originGSID=RTSFL:13082 originName="The HUB" destName="Reitz Union"
2026/04/10 09:39:36 HTTP GET /v3/public/stop_departures?global_stop_id=RTSFL%3A13082&max_num_departures=20&remove_cancelled=true&should_update_realtime=true
2026/04/10 09:39:36 stop_departures returned 6 routes
2026/04/10 09:39:36 Route 38 (Reitz Union to Gainesville Place) has 1 itineraries
2026/04/10 09:39:36   Itinerary headsign="The Hub" has 10 schedule items
2026/04/10 09:39:36     Fast-path match: route=38 headsign="The Hub" departure=1775828400 isRealtime=false
2026/04/10 09:39:36 Route 126 (UF E / W Circulator (Lakeside To Sorority Row)) has 1 itineraries
2026/04/10 09:39:36   Itinerary headsign="Sorority Row" has 10 schedule items
2026/04/10 09:39:36 Route 33 (Butler Plaza - The Standard) has 1 itineraries
2026/04/10 09:39:36   Itinerary headsign="Butler Plaza" has 9 schedule items
2026/04/10 09:39:36 Route 118 (P&R 1 (Cultural Plaza) To The Hub) has 1 itineraries
2026/04/10 09:39:36   Itinerary headsign="Cultural Plaza" has 9 schedule items
2026/04/10 09:39:36 Route 9 (Reitz Union To Hunters Run) has 1 itineraries
2026/04/10 09:39:36   Itinerary headsign="The Hub" has 10 schedule items
2026/04/10 09:39:36     Fast-path match: route=9 headsign="The Hub" departure=1775828880 isRealtime=false
2026/04/10 09:39:36 Route 12 (The Hub to Dollar General) has 2 itineraries
2026/04/10 09:39:36   Itinerary headsign="Dollar General" has 10 schedule items
2026/04/10 09:39:36   Itinerary headsign="The Hub" has 10 schedule items
2026/04/10 09:39:36 Realtime fast-path produced 2 matching direct trips
2026/04/10 09:40:03 CallToolRequest: origin="Reitz Union" dest="The Hub" intent="NEXT_BUS"
2026/04/10 09:40:03 TransitClient created with API key (len=64)
2026/04/10 09:40:03 GTFS fuzzy resolve OK: input="Reitz Union" → "Reitz Union" (score=1.000)
2026/04/10 09:40:03 GTFS fuzzy resolve OK: input="The Hub" → "The HUB" (score=1.000)
2026/04/10 09:40:03 GTFS origin resolved: input="Reitz Union" → "Reitz Union" (lat=29.645140 lon=-82.346983)
2026/04/10 09:40:03 GTFS destination resolved: input="The Hub" → "The HUB" (lat=29.648530 lon=-82.344960)
2026/04/10 09:40:03 Calling nearby_stops for lat=29.645140 lon=-82.346983 radius=100m (RTSFL only)
2026/04/10 09:40:03 HTTP GET /v3/public/nearby_stops?lat=29.645140&lon=-82.346983&radius=100
2026/04/10 09:40:03 nearby_stops RTSFL best match at radius=100m: GSID=RTSFL:12261 name="Reitz Union" dist=1.00
2026/04/10 09:40:03 Calling nearby_stops for lat=29.648530 lon=-82.344960 radius=100m (RTSFL only)
2026/04/10 09:40:03 HTTP GET /v3/public/nearby_stops?lat=29.648530&lon=-82.344960&radius=100
2026/04/10 09:40:03 nearby_stops RTSFL best match at radius=100m: GSID=RTSFL:13082 name="The HUB" dist=1.00
2026/04/10 09:40:03 Nearby origin: GTFS="Reitz Union" → API="Reitz Union" (GSID=RTSFL:12261)
2026/04/10 09:40:03 Nearby destination: GTFS="The HUB" → API="The HUB"
2026/04/10 09:40:03 Realtime fast-path search: originGSID=RTSFL:12261 originName="Reitz Union" destName="The HUB"
2026/04/10 09:40:03 HTTP GET /v3/public/stop_departures?global_stop_id=RTSFL%3A12261&max_num_departures=20&remove_cancelled=true&should_update_realtime=true
2026/04/10 09:40:03 stop_departures returned 7 routes
2026/04/10 09:40:03 Route 37 (Reitz Union to Butler Plaza Transfer Sta) has 1 itineraries
2026/04/10 09:40:03   Itinerary headsign="Butler Plaza" has 10 schedule items
2026/04/10 09:40:03 Route 21 (Reitz Union To Liv Apartments) has 1 itineraries
2026/04/10 09:40:03   Itinerary headsign="Liv Apts" has 10 schedule items
2026/04/10 09:40:03 Route 126 (UF E / W Circulator (Lakeside To Sorority Row)) has 1 itineraries
2026/04/10 09:40:03   Itinerary headsign="Lakeside" has 10 schedule items
2026/04/10 09:40:03 Route 20 (Reitz Union To Oaks Mall) has 1 itineraries
2026/04/10 09:40:03   Itinerary headsign="Oaks Mall" has 9 schedule items
2026/04/10 09:40:03 Route 38 (Reitz Union to Gainesville Place) has 2 itineraries
2026/04/10 09:40:03   Itinerary headsign="Gainesville Place" has 10 schedule items
2026/04/10 09:40:03   Itinerary headsign="The Hub" has 10 schedule items
2026/04/10 09:40:03     Fast-path match: route=38 headsign="The Hub" departure=1775828580 isRealtime=false
2026/04/10 09:40:03 Route 52 (Reitz Union to Jonesville) has 1 itineraries
2026/04/10 09:40:03   Itinerary headsign="Jonesville" has 8 schedule items
2026/04/10 09:40:03 Route 9 (Reitz Union To Hunters Run) has 2 itineraries
2026/04/10 09:40:03   Itinerary headsign="Hunters Run" has 10 schedule items
2026/04/10 09:40:03   Itinerary headsign="The Hub" has 10 schedule items
2026/04/10 09:40:03     Fast-path match: route=9 headsign="The Hub" departure=1775829000 isRealtime=false
2026/04/10 09:40:03 Realtime fast-path produced 2 matching direct trips
2026/04/10 10:04:26 CallToolRequest: origin="Rosa Parks RTS Downtown Station" dest="Oaks Mall" intent="NEXT_BUS"
2026/04/10 10:04:26 TransitClient created with API key (len=64)
2026/04/10 10:04:26 GTFS fuzzy resolve OK: input="Rosa Parks RTS Downtown Station" → "Rosa Parks RTS Downtown Station" (score=1.000)
2026/04/10 10:04:26 GTFS fuzzy resolve OK: input="Oaks Mall" → "Oaks Mall" (score=1.000)
2026/04/10 10:04:26 GTFS origin resolved: input="Rosa Parks RTS Downtown Station" → "Rosa Parks RTS Downtown Station" (lat=29.645567 lon=-82.322697)
2026/04/10 10:04:26 GTFS destination resolved: input="Oaks Mall" → "Oaks Mall" (lat=29.659514 lon=-82.413875)
2026/04/10 10:04:26 Calling nearby_stops for lat=29.645567 lon=-82.322697 radius=100m (RTSFL only)
2026/04/10 10:04:26 HTTP GET /v3/public/nearby_stops?lat=29.645567&lon=-82.322697&radius=100
2026/04/10 10:04:26 nearby_stops RTSFL best match at radius=100m: GSID=RTSFL:11797 name="Rosa Parks RTS Downtown Station" dist=1.00
2026/04/10 10:04:26 Calling nearby_stops for lat=29.659514 lon=-82.413875 radius=100m (RTSFL only)
2026/04/10 10:04:26 HTTP GET /v3/public/nearby_stops?lat=29.659514&lon=-82.413875&radius=100
2026/04/10 10:04:26 nearby_stops RTSFL best match at radius=100m: GSID=RTSFL:12732 name="Oaks Mall" dist=0.00
2026/04/10 10:04:26 Nearby origin: GTFS="Rosa Parks RTS Downtown Station" → API="Rosa Parks RTS Downtown Station" (GSID=RTSFL:11797)
2026/04/10 10:04:26 Nearby destination: GTFS="Oaks Mall" → API="Oaks Mall"
2026/04/10 10:04:26 Realtime fast-path search: originGSID=RTSFL:11797 originName="Rosa Parks RTS Downtown Station" destName="Oaks Mall"
2026/04/10 10:04:26 HTTP GET /v3/public/stop_departures?global_stop_id=RTSFL%3A11797&max_num_departures=20&remove_cancelled=true&should_update_realtime=true
2026/04/10 10:04:26 stop_departures returned 10 routes
2026/04/10 10:04:26 Route 1 (Downtown Station to Butler Plaza) has 1 itineraries
2026/04/10 10:04:26   Itinerary headsign="Butler Plaza" has 10 schedule items
2026/04/10 10:04:26 Route 5 (Downtown Station to Oaks Mall) has 1 itineraries
2026/04/10 10:04:26   Itinerary headsign="Oaks Mall" has 10 schedule items
2026/04/10 10:04:26     Fast-path match: route=5 headsign="Oaks Mall" departure=1775830200 isRealtime=false
2026/04/10 10:04:26 Route 17 (Beaty Towers To Rosa Parks Downtown Sta) has 2 itineraries
2026/04/10 10:04:26   Itinerary headsign="Downtown Station" has 10 schedule items
2026/04/10 10:04:26   Itinerary headsign="Beaty Towers" has 10 schedule items
2026/04/10 10:04:26 Route 10 (Downtown Station To Santa Fe College) has 1 itineraries
2026/04/10 10:04:26   Itinerary headsign="Santa Fe College" has 10 schedule items
2026/04/10 10:04:26 Route 15 (Downtown Sta To NW 13 Street / NW 23 Av) has 2 itineraries
2026/04/10 10:04:26   Itinerary headsign="NW 13th St" has 10 schedule items
2026/04/10 10:04:26   Itinerary headsign="Downtown Station" has 9 schedule items
2026/04/10 10:04:26 Route 3 (Downtown Station to N Main Post Office) has 1 itineraries
2026/04/10 10:04:26   Itinerary headsign="Post Office" has 9 schedule items
2026/04/10 10:04:26 Route 6 (Downtown Sta to N Walmart Supercenter) has 1 itineraries
2026/04/10 10:04:26   Itinerary headsign="N Walmart" has 9 schedule items
2026/04/10 10:04:26 Route 7 (Downtown Station to Eastwood Meadows) has 1 itineraries
2026/04/10 10:04:26   Itinerary headsign="Eastwood Meadows" has 9 schedule items
2026/04/10 10:04:26 Route 11 (Downtown Station To Eastwood Meadows) has 1 itineraries
2026/04/10 10:04:26   Itinerary headsign="Eastwood Meadows" has 9 schedule items
2026/04/10 10:04:26 Route 26 (Downtown Station to Airport) has 1 itineraries
2026/04/10 10:04:26   Itinerary headsign="Airport" has 10 schedule items
2026/04/10 10:04:26 Realtime fast-path produced 1 matching direct trips
2026/04/10 10:05:01 CallToolRequest: origin="Rosa Parks RTS Downtown Station" dest="Oaks Mall" intent="LIST_BUSES"
2026/04/10 10:05:01 TransitClient created with API key (len=64)
2026/04/10 10:05:01 GTFS fuzzy resolve OK: input="Rosa Parks RTS Downtown Station" → "Rosa Parks RTS Downtown Station" (score=1.000)
2026/04/10 10:05:01 GTFS fuzzy resolve OK: input="Oaks Mall" → "Oaks Mall" (score=1.000)
2026/04/10 10:05:01 GTFS origin resolved: input="Rosa Parks RTS Downtown Station" → "Rosa Parks RTS Downtown Station" (lat=29.645567 lon=-82.322697)
2026/04/10 10:05:01 GTFS destination resolved: input="Oaks Mall" → "Oaks Mall" (lat=29.659514 lon=-82.413875)
2026/04/10 10:05:01 Calling nearby_stops for lat=29.645567 lon=-82.322697 radius=100m (RTSFL only)
2026/04/10 10:05:01 HTTP GET /v3/public/nearby_stops?lat=29.645567&lon=-82.322697&radius=100
2026/04/10 10:05:01 nearby_stops RTSFL best match at radius=100m: GSID=RTSFL:11797 name="Rosa Parks RTS Downtown Station" dist=1.00
2026/04/10 10:05:01 Calling nearby_stops for lat=29.659514 lon=-82.413875 radius=100m (RTSFL only)
2026/04/10 10:05:01 HTTP GET /v3/public/nearby_stops?lat=29.659514&lon=-82.413875&radius=100
2026/04/10 10:05:01 nearby_stops RTSFL best match at radius=100m: GSID=RTSFL:12732 name="Oaks Mall" dist=0.00
2026/04/10 10:05:01 Nearby origin: GTFS="Rosa Parks RTS Downtown Station" → API="Rosa Parks RTS Downtown Station" (GSID=RTSFL:11797)
2026/04/10 10:05:01 Nearby destination: GTFS="Oaks Mall" → API="Oaks Mall"
2026/04/10 10:05:01 Realtime fast-path search: originGSID=RTSFL:11797 originName="Rosa Parks RTS Downtown Station" destName="Oaks Mall"
2026/04/10 10:05:01 HTTP GET /v3/public/stop_departures?global_stop_id=RTSFL%3A11797&max_num_departures=20&remove_cancelled=true&should_update_realtime=true
2026/04/10 10:05:01 stop_departures returned 10 routes
2026/04/10 10:05:01 Route 1 (Downtown Station to Butler Plaza) has 1 itineraries
2026/04/10 10:05:01   Itinerary headsign="Butler Plaza" has 10 schedule items
2026/04/10 10:05:01 Route 5 (Downtown Station to Oaks Mall) has 1 itineraries
2026/04/10 10:05:01   Itinerary headsign="Oaks Mall" has 10 schedule items
2026/04/10 10:05:01     Fast-path match: route=5 headsign="Oaks Mall" departure=1775830200 isRealtime=false
2026/04/10 10:05:01 Route 17 (Beaty Towers To Rosa Parks Downtown Sta) has 2 itineraries
2026/04/10 10:05:01   Itinerary headsign="Downtown Station" has 10 schedule items
2026/04/10 10:05:01   Itinerary headsign="Beaty Towers" has 10 schedule items
2026/04/10 10:05:01 Route 10 (Downtown Station To Santa Fe College) has 1 itineraries
2026/04/10 10:05:01   Itinerary headsign="Santa Fe College" has 10 schedule items
2026/04/10 10:05:01 Route 15 (Downtown Sta To NW 13 Street / NW 23 Av) has 2 itineraries
2026/04/10 10:05:01   Itinerary headsign="NW 13th St" has 10 schedule items
2026/04/10 10:05:01   Itinerary headsign="Downtown Station" has 9 schedule items
2026/04/10 10:05:01 Route 3 (Downtown Station to N Main Post Office) has 1 itineraries
2026/04/10 10:05:01   Itinerary headsign="Post Office" has 9 schedule items
2026/04/10 10:05:01 Route 6 (Downtown Sta to N Walmart Supercenter) has 1 itineraries
2026/04/10 10:05:01   Itinerary headsign="N Walmart" has 9 schedule items
2026/04/10 10:05:01 Route 7 (Downtown Station to Eastwood Meadows) has 1 itineraries
2026/04/10 10:05:01   Itinerary headsign="Eastwood Meadows" has 9 schedule items
2026/04/10 10:05:01 Route 11 (Downtown Station To Eastwood Meadows) has 1 itineraries
2026/04/10 10:05:01   Itinerary headsign="Eastwood Meadows" has 9 schedule items
2026/04/10 10:05:01 Route 26 (Downtown Station to Airport) has 1 itineraries
2026/04/10 10:05:01   Itinerary headsign="Airport" has 10 schedule items
2026/04/10 10:05:01 Realtime fast-path produced 1 matching direct trips
2026/04/10 10:05:58 CallToolRequest: origin="UF Health" dest="Walmart Supercenter" intent="NEXT_BUS"
2026/04/10 10:05:58 TransitClient created with API key (len=64)
2026/04/10 10:05:58 GTFS fuzzy resolve OK: input="UF Health" → "UF Heart Health" (score=0.801)
2026/04/10 10:05:58 GTFS fuzzy resolve OK: input="Walmart Supercenter" → "NE Walmart Supercenter" (score=0.817)
2026/04/10 10:05:58 GTFS origin resolved: input="UF Health" → "UF Heart Health" (lat=29.639961 lon=-82.339442)
2026/04/10 10:05:58 GTFS destination resolved: input="Walmart Supercenter" → "NE Walmart Supercenter" (lat=29.662615 lon=-82.302423)
2026/04/10 10:05:58 Calling nearby_stops for lat=29.639961 lon=-82.339442 radius=100m (RTSFL only)
2026/04/10 10:05:58 HTTP GET /v3/public/nearby_stops?lat=29.639961&lon=-82.339442&radius=100
2026/04/10 10:05:58 nearby_stops RTSFL best match at radius=100m: GSID=RTSFL:14693 name="UF Heart Health" dist=0.00
2026/04/10 10:05:58 Calling nearby_stops for lat=29.662615 lon=-82.302423 radius=100m (RTSFL only)
2026/04/10 10:05:58 HTTP GET /v3/public/nearby_stops?lat=29.662615&lon=-82.302423&radius=100
2026/04/10 10:05:59 nearby_stops RTSFL best match at radius=100m: GSID=RTSFL:11922 name="NE Walmart Supercenter" dist=0.00
2026/04/10 10:05:59 Nearby origin: GTFS="UF Heart Health" → API="UF Heart Health" (GSID=RTSFL:14693)
2026/04/10 10:05:59 Nearby destination: GTFS="NE Walmart Supercenter" → API="NE Walmart Supercenter"
2026/04/10 10:05:59 Realtime fast-path search: originGSID=RTSFL:14693 originName="UF Heart Health" destName="NE Walmart Supercenter"
2026/04/10 10:05:59 HTTP GET /v3/public/stop_departures?global_stop_id=RTSFL%3A14693&max_num_departures=20&remove_cancelled=true&should_update_realtime=true
2026/04/10 10:05:59 HTTP GET /v3/public/stop_departures returned status 429
2026/04/10 10:05:59 Realtime fast-path failed or no trips: API returned 429
2026/04/10 10:06:24 CallToolRequest: origin="Reitz Union" dest="Butler Plaza Transfer Station" intent="NEXT_BUS"
2026/04/10 10:06:24 TransitClient created with API key (len=64)
2026/04/10 10:06:24 GTFS fuzzy resolve OK: input="Reitz Union" → "Reitz Union" (score=1.000)
2026/04/10 10:06:24 GTFS fuzzy resolve OK: input="Butler Plaza Transfer Station" → "Butler Plaza Transfer Station" (score=1.000)
2026/04/10 10:06:24 GTFS origin resolved: input="Reitz Union" → "Reitz Union" (lat=29.645140 lon=-82.346983)
2026/04/10 10:06:24 GTFS destination resolved: input="Butler Plaza Transfer Station" → "Butler Plaza Transfer Station" (lat=29.625154 lon=-82.387890)
2026/04/10 10:06:24 Calling nearby_stops for lat=29.645140 lon=-82.346983 radius=100m (RTSFL only)
2026/04/10 10:06:24 HTTP GET /v3/public/nearby_stops?lat=29.645140&lon=-82.346983&radius=100
2026/04/10 10:06:24 nearby_stops RTSFL best match at radius=100m: GSID=RTSFL:12261 name="Reitz Union" dist=1.00
2026/04/10 10:06:24 Calling nearby_stops for lat=29.625154 lon=-82.387890 radius=100m (RTSFL only)
2026/04/10 10:06:24 HTTP GET /v3/public/nearby_stops?lat=29.625154&lon=-82.387890&radius=100
2026/04/10 10:06:24 nearby_stops RTSFL best match at radius=100m: GSID=RTSFL:11769 name="Butler Plaza Transfer Station" dist=1.00
2026/04/10 10:06:24 Nearby origin: GTFS="Reitz Union" → API="Reitz Union" (GSID=RTSFL:12261)
2026/04/10 10:06:24 Nearby destination: GTFS="Butler Plaza Transfer Station" → API="Butler Plaza Transfer Station"
2026/04/10 10:06:24 Realtime fast-path search: originGSID=RTSFL:12261 originName="Reitz Union" destName="Butler Plaza Transfer Station"
2026/04/10 10:06:24 HTTP GET /v3/public/stop_departures?global_stop_id=RTSFL%3A12261&max_num_departures=20&remove_cancelled=true&should_update_realtime=true
2026/04/10 10:06:24 stop_departures returned 7 routes
2026/04/10 10:06:24 Route 20 (Reitz Union To Oaks Mall) has 1 itineraries
2026/04/10 10:06:24   Itinerary headsign="Oaks Mall" has 9 schedule items
2026/04/10 10:06:24 Route 21 (Reitz Union To Liv Apartments) has 1 itineraries
2026/04/10 10:06:24   Itinerary headsign="Liv Apts" has 10 schedule items
2026/04/10 10:06:24 Route 126 (UF E / W Circulator (Lakeside To Sorority Row)) has 1 itineraries
2026/04/10 10:06:24   Itinerary headsign="Lakeside" has 10 schedule items
2026/04/10 10:06:24 Route 9 (Reitz Union To Hunters Run) has 2 itineraries
2026/04/10 10:06:24   Itinerary headsign="Hunters Run" has 10 schedule items
2026/04/10 10:06:24   Itinerary headsign="The Hub" has 10 schedule items
2026/04/10 10:06:24 Route 38 (Reitz Union to Gainesville Place) has 2 itineraries
2026/04/10 10:06:24   Itinerary headsign="Gainesville Place" has 10 schedule items
2026/04/10 10:06:24   Itinerary headsign="The Hub" has 10 schedule items
2026/04/10 10:06:24 Route 37 (Reitz Union to Butler Plaza Transfer Sta) has 1 itineraries
2026/04/10 10:06:24   Itinerary headsign="Butler Plaza" has 9 schedule items
2026/04/10 10:06:24 Route 52 (Reitz Union to Jonesville) has 1 itineraries
2026/04/10 10:06:24   Itinerary headsign="Jonesville" has 7 schedule items
2026/04/10 10:06:24 Realtime fast-path produced 0 matching direct trips
2026/04/10 10:06:24 Realtime fast-path failed or no trips: no direct realtime trips found
2026/04/10 10:11:38 CallToolRequest: origin="Rosa Parks RTS Downtown Station" dest="Oaks Mall" intent="LIST_BUSES"
2026/04/10 10:11:38 TransitClient created with API key (len=64)
2026/04/10 10:11:38 GTFS fuzzy resolve OK: input="Rosa Parks RTS Downtown Station" → "Rosa Parks RTS Downtown Station" (score=1.000)
2026/04/10 10:11:38 GTFS fuzzy resolve OK: input="Oaks Mall" → "Oaks Mall" (score=1.000)
2026/04/10 10:11:38 GTFS origin resolved: input="Rosa Parks RTS Downtown Station" → "Rosa Parks RTS Downtown Station" (lat=29.645567 lon=-82.322697)
2026/04/10 10:11:38 GTFS destination resolved: input="Oaks Mall" → "Oaks Mall" (lat=29.659514 lon=-82.413875)
2026/04/10 10:11:38 Calling nearby_stops for lat=29.645567 lon=-82.322697 radius=100m (RTSFL only)
2026/04/10 10:11:38 HTTP GET /v3/public/nearby_stops?lat=29.645567&lon=-82.322697&radius=100
2026/04/10 10:11:38 nearby_stops RTSFL best match at radius=100m: GSID=RTSFL:11797 name="Rosa Parks RTS Downtown Station" dist=1.00
2026/04/10 10:11:38 Calling nearby_stops for lat=29.659514 lon=-82.413875 radius=100m (RTSFL only)
2026/04/10 10:11:38 HTTP GET /v3/public/nearby_stops?lat=29.659514&lon=-82.413875&radius=100
2026/04/10 10:11:38 nearby_stops RTSFL best match at radius=100m: GSID=RTSFL:12732 name="Oaks Mall" dist=0.00
2026/04/10 10:11:38 Nearby origin: GTFS="Rosa Parks RTS Downtown Station" → API="Rosa Parks RTS Downtown Station" (GSID=RTSFL:11797)
2026/04/10 10:11:38 Nearby destination: GTFS="Oaks Mall" → API="Oaks Mall"
2026/04/10 10:11:38 Realtime fast-path search: originGSID=RTSFL:11797 originName="Rosa Parks RTS Downtown Station" destName="Oaks Mall"
2026/04/10 10:11:38 HTTP GET /v3/public/stop_departures?global_stop_id=RTSFL%3A11797&max_num_departures=20&remove_cancelled=true&should_update_realtime=true
2026/04/10 10:11:38 stop_departures returned 10 routes
2026/04/10 10:11:38 Route 10 (Downtown Station To Santa Fe College) has 1 itineraries
2026/04/10 10:11:38   Itinerary headsign="Santa Fe College" has 10 schedule items
2026/04/10 10:11:38 Route 1 (Downtown Station to Butler Plaza) has 1 itineraries
2026/04/10 10:11:38   Itinerary headsign="Butler Plaza" has 9 schedule items
2026/04/10 10:11:38 Route 15 (Downtown Sta To NW 13 Street / NW 23 Av) has 2 itineraries
2026/04/10 10:11:38   Itinerary headsign="NW 13th St" has 10 schedule items
2026/04/10 10:11:38   Itinerary headsign="Downtown Station" has 10 schedule items
2026/04/10 10:11:38 Route 5 (Downtown Station to Oaks Mall) has 1 itineraries
2026/04/10 10:11:38   Itinerary headsign="Oaks Mall" has 9 schedule items
2026/04/10 10:11:38     Fast-path match: route=5 headsign="Oaks Mall" departure=1775832600 isRealtime=false
2026/04/10 10:11:38 Route 17 (Beaty Towers To Rosa Parks Downtown Sta) has 2 itineraries
2026/04/10 10:11:38   Itinerary headsign="Downtown Station" has 10 schedule items
2026/04/10 10:11:38   Itinerary headsign="Beaty Towers" has 10 schedule items
2026/04/10 10:11:38 Route 3 (Downtown Station to N Main Post Office) has 1 itineraries
2026/04/10 10:11:38   Itinerary headsign="Post Office" has 9 schedule items
2026/04/10 10:11:38 Route 6 (Downtown Sta to N Walmart Supercenter) has 1 itineraries
2026/04/10 10:11:38   Itinerary headsign="N Walmart" has 9 schedule items
2026/04/10 10:11:38 Route 7 (Downtown Station to Eastwood Meadows) has 1 itineraries
2026/04/10 10:11:38   Itinerary headsign="Eastwood Meadows" has 9 schedule items
2026/04/10 10:11:38 Route 11 (Downtown Station To Eastwood Meadows) has 1 itineraries
2026/04/10 10:11:38   Itinerary headsign="Eastwood Meadows" has 9 schedule items
2026/04/10 10:11:38 Route 26 (Downtown Station to Airport) has 1 itineraries
2026/04/10 10:11:38   Itinerary headsign="Airport" has 10 schedule items
2026/04/10 10:11:38 Realtime fast-path produced 1 matching direct trips
2026/04/10 10:13:31 CallToolRequest: origin="Rosa Parks RTS Downtown Station" dest="Oaks Mall" intent="LIST_BUSES"
2026/04/10 10:13:31 TransitClient created with API key (len=64)
2026/04/10 10:13:31 GTFS fuzzy resolve OK: input="Rosa Parks RTS Downtown Station" → "Rosa Parks RTS Downtown Station" (score=1.000)
2026/04/10 10:13:31 GTFS fuzzy resolve OK: input="Oaks Mall" → "Oaks Mall" (score=1.000)
2026/04/10 10:13:31 GTFS origin resolved: input="Rosa Parks RTS Downtown Station" → "Rosa Parks RTS Downtown Station" (lat=29.645567 lon=-82.322697)
2026/04/10 10:13:31 GTFS destination resolved: input="Oaks Mall" → "Oaks Mall" (lat=29.659514 lon=-82.413875)
2026/04/10 10:13:31 Calling nearby_stops for lat=29.645567 lon=-82.322697 radius=100m (RTSFL only)
2026/04/10 10:13:31 HTTP GET /v3/public/nearby_stops?lat=29.645567&lon=-82.322697&radius=100
2026/04/10 10:13:32 nearby_stops RTSFL best match at radius=100m: GSID=RTSFL:11797 name="Rosa Parks RTS Downtown Station" dist=1.00
2026/04/10 10:13:32 Calling nearby_stops for lat=29.659514 lon=-82.413875 radius=100m (RTSFL only)
2026/04/10 10:13:32 HTTP GET /v3/public/nearby_stops?lat=29.659514&lon=-82.413875&radius=100
2026/04/10 10:13:32 nearby_stops RTSFL best match at radius=100m: GSID=RTSFL:12732 name="Oaks Mall" dist=0.00
2026/04/10 10:13:32 Nearby origin: GTFS="Rosa Parks RTS Downtown Station" → API="Rosa Parks RTS Downtown Station" (GSID=RTSFL:11797)
2026/04/10 10:13:32 Nearby destination: GTFS="Oaks Mall" → API="Oaks Mall"
2026/04/10 10:13:32 Realtime fast-path search: originGSID=RTSFL:11797 originName="Rosa Parks RTS Downtown Station" destName="Oaks Mall"
2026/04/10 10:13:32 HTTP GET /v3/public/stop_departures?global_stop_id=RTSFL%3A11797&max_num_departures=20&remove_cancelled=true&should_update_realtime=true
2026/04/10 10:13:32 stop_departures returned 10 routes
2026/04/10 10:13:32 Route 10 (Downtown Station To Santa Fe College) has 1 itineraries
2026/04/10 10:13:32   Itinerary headsign="Santa Fe College" has 10 schedule items
2026/04/10 10:13:32 Route 1 (Downtown Station to Butler Plaza) has 1 itineraries
2026/04/10 10:13:32   Itinerary headsign="Butler Plaza" has 9 schedule items
2026/04/10 10:13:32 Route 15 (Downtown Sta To NW 13 Street / NW 23 Av) has 2 itineraries
2026/04/10 10:13:32   Itinerary headsign="NW 13th St" has 10 schedule items
2026/04/10 10:13:32   Itinerary headsign="Downtown Station" has 10 schedule items
2026/04/10 10:13:32 Route 5 (Downtown Station to Oaks Mall) has 1 itineraries
2026/04/10 10:13:32   Itinerary headsign="Oaks Mall" has 9 schedule items
2026/04/10 10:13:32     Fast-path match: route=5 headsign="Oaks Mall" departure=1775832600 isRealtime=false
2026/04/10 10:13:32 Route 17 (Beaty Towers To Rosa Parks Downtown Sta) has 2 itineraries
2026/04/10 10:13:32   Itinerary headsign="Downtown Station" has 10 schedule items
2026/04/10 10:13:32   Itinerary headsign="Beaty Towers" has 10 schedule items
2026/04/10 10:13:32 Route 3 (Downtown Station to N Main Post Office) has 1 itineraries
2026/04/10 10:13:32   Itinerary headsign="Post Office" has 9 schedule items
2026/04/10 10:13:32 Route 6 (Downtown Sta to N Walmart Supercenter) has 1 itineraries
2026/04/10 10:13:32   Itinerary headsign="N Walmart" has 9 schedule items
2026/04/10 10:13:32 Route 7 (Downtown Station to Eastwood Meadows) has 1 itineraries
2026/04/10 10:13:32   Itinerary headsign="Eastwood Meadows" has 9 schedule items
2026/04/10 10:13:32 Route 11 (Downtown Station To Eastwood Meadows) has 1 itineraries
2026/04/10 10:13:32   Itinerary headsign="Eastwood Meadows" has 9 schedule items
2026/04/10 10:13:32 Route 26 (Downtown Station to Airport) has 1 itineraries
2026/04/10 10:13:32   Itinerary headsign="Airport" has 10 schedule items
2026/04/10 10:13:32 Realtime fast-path produced 1 matching direct trips
2026/04/10 10:14:14 CallToolRequest: origin="Rosa Parks RTS Downtown Station" dest="Oaks Mall" intent="LIST_BUSES"
2026/04/10 10:14:14 TransitClient created with API key (len=64)
2026/04/10 10:14:14 GTFS fuzzy resolve OK: input="Rosa Parks RTS Downtown Station" → "Rosa Parks RTS Downtown Station" (score=1.000)
2026/04/10 10:14:14 GTFS fuzzy resolve OK: input="Oaks Mall" → "Oaks Mall" (score=1.000)
2026/04/10 10:14:14 GTFS origin resolved: input="Rosa Parks RTS Downtown Station" → "Rosa Parks RTS Downtown Station" (lat=29.645567 lon=-82.322697)
2026/04/10 10:14:14 GTFS destination resolved: input="Oaks Mall" → "Oaks Mall" (lat=29.659514 lon=-82.413875)
2026/04/10 10:14:14 Calling nearby_stops for lat=29.645567 lon=-82.322697 radius=100m (RTSFL only)
2026/04/10 10:14:14 HTTP GET /v3/public/nearby_stops?lat=29.645567&lon=-82.322697&radius=100
2026/04/10 10:14:14 nearby_stops RTSFL best match at radius=100m: GSID=RTSFL:11797 name="Rosa Parks RTS Downtown Station" dist=1.00
2026/04/10 10:14:14 Calling nearby_stops for lat=29.659514 lon=-82.413875 radius=100m (RTSFL only)
2026/04/10 10:14:14 HTTP GET /v3/public/nearby_stops?lat=29.659514&lon=-82.413875&radius=100
2026/04/10 10:14:14 nearby_stops RTSFL best match at radius=100m: GSID=RTSFL:12732 name="Oaks Mall" dist=0.00
2026/04/10 10:14:14 Nearby origin: GTFS="Rosa Parks RTS Downtown Station" → API="Rosa Parks RTS Downtown Station" (GSID=RTSFL:11797)
2026/04/10 10:14:14 Nearby destination: GTFS="Oaks Mall" → API="Oaks Mall"
2026/04/10 10:14:14 Realtime fast-path search: originGSID=RTSFL:11797 originName="Rosa Parks RTS Downtown Station" destName="Oaks Mall"
2026/04/10 10:14:14 HTTP GET /v3/public/stop_departures?global_stop_id=RTSFL%3A11797&max_num_departures=20&remove_cancelled=true&should_update_realtime=true
2026/04/10 10:14:14 stop_departures returned 10 routes
2026/04/10 10:14:14 Route 10 (Downtown Station To Santa Fe College) has 1 itineraries
2026/04/10 10:14:14   Itinerary headsign="Santa Fe College" has 10 schedule items
2026/04/10 10:14:14 Route 1 (Downtown Station to Butler Plaza) has 1 itineraries
2026/04/10 10:14:14   Itinerary headsign="Butler Plaza" has 9 schedule items
2026/04/10 10:14:14 Route 15 (Downtown Sta To NW 13 Street / NW 23 Av) has 2 itineraries
2026/04/10 10:14:14   Itinerary headsign="NW 13th St" has 10 schedule items
2026/04/10 10:14:14   Itinerary headsign="Downtown Station" has 10 schedule items
2026/04/10 10:14:14 Route 5 (Downtown Station to Oaks Mall) has 1 itineraries
2026/04/10 10:14:14   Itinerary headsign="Oaks Mall" has 9 schedule items
2026/04/10 10:14:14     Fast-path match: route=5 headsign="Oaks Mall" departure=1775832600 isRealtime=false
2026/04/10 10:14:14 Route 17 (Beaty Towers To Rosa Parks Downtown Sta) has 2 itineraries
2026/04/10 10:14:14   Itinerary headsign="Downtown Station" has 10 schedule items
2026/04/10 10:14:14   Itinerary headsign="Beaty Towers" has 10 schedule items
2026/04/10 10:14:14 Route 3 (Downtown Station to N Main Post Office) has 1 itineraries
2026/04/10 10:14:14   Itinerary headsign="Post Office" has 9 schedule items
2026/04/10 10:14:14 Route 6 (Downtown Sta to N Walmart Supercenter) has 1 itineraries
2026/04/10 10:14:14   Itinerary headsign="N Walmart" has 9 schedule items
2026/04/10 10:14:14 Route 7 (Downtown Station to Eastwood Meadows) has 1 itineraries
2026/04/10 10:14:14   Itinerary headsign="Eastwood Meadows" has 9 schedule items
2026/04/10 10:14:14 Route 11 (Downtown Station To Eastwood Meadows) has 1 itineraries
2026/04/10 10:14:14   Itinerary headsign="Eastwood Meadows" has 9 schedule items
2026/04/10 10:14:14 Route 26 (Downtown Station to Airport) has 1 itineraries
2026/04/10 10:14:14   Itinerary headsign="Airport" has 10 schedule items
2026/04/10 10:14:14 Realtime fast-path produced 1 matching direct trips
2026/04/10 10:15:09 CallToolRequest: origin="Rosa Parks RTS Downtown Station" dest="Oaks Mall" intent="LIST_BUSES"
2026/04/10 10:15:09 TransitClient created with API key (len=64)
2026/04/10 10:15:09 GTFS fuzzy resolve OK: input="Rosa Parks RTS Downtown Station" → "Rosa Parks RTS Downtown Station" (score=1.000)
2026/04/10 10:15:09 GTFS fuzzy resolve OK: input="Oaks Mall" → "Oaks Mall" (score=1.000)
2026/04/10 10:15:09 GTFS origin resolved: input="Rosa Parks RTS Downtown Station" → "Rosa Parks RTS Downtown Station" (lat=29.645567 lon=-82.322697)
2026/04/10 10:15:09 GTFS destination resolved: input="Oaks Mall" → "Oaks Mall" (lat=29.659514 lon=-82.413875)
2026/04/10 10:15:09 Calling nearby_stops for lat=29.645567 lon=-82.322697 radius=100m (RTSFL only)
2026/04/10 10:15:09 HTTP GET /v3/public/nearby_stops?lat=29.645567&lon=-82.322697&radius=100
2026/04/10 10:15:09 nearby_stops RTSFL best match at radius=100m: GSID=RTSFL:11797 name="Rosa Parks RTS Downtown Station" dist=1.00
2026/04/10 10:15:09 Calling nearby_stops for lat=29.659514 lon=-82.413875 radius=100m (RTSFL only)
2026/04/10 10:15:09 HTTP GET /v3/public/nearby_stops?lat=29.659514&lon=-82.413875&radius=100
2026/04/10 10:15:09 nearby_stops RTSFL best match at radius=100m: GSID=RTSFL:12732 name="Oaks Mall" dist=0.00
2026/04/10 10:15:09 Nearby origin: GTFS="Rosa Parks RTS Downtown Station" → API="Rosa Parks RTS Downtown Station" (GSID=RTSFL:11797)
2026/04/10 10:15:09 Nearby destination: GTFS="Oaks Mall" → API="Oaks Mall"
2026/04/10 10:15:09 Realtime fast-path search: originGSID=RTSFL:11797 originName="Rosa Parks RTS Downtown Station" destName="Oaks Mall"
2026/04/10 10:15:09 HTTP GET /v3/public/stop_departures?global_stop_id=RTSFL%3A11797&max_num_departures=20&remove_cancelled=true&should_update_realtime=true
2026/04/10 10:15:10 stop_departures returned 10 routes
2026/04/10 10:15:10 Route 10 (Downtown Station To Santa Fe College) has 1 itineraries
2026/04/10 10:15:10   Itinerary headsign="Santa Fe College" has 10 schedule items
2026/04/10 10:15:10 Route 1 (Downtown Station to Butler Plaza) has 1 itineraries
2026/04/10 10:15:10   Itinerary headsign="Butler Plaza" has 9 schedule items
2026/04/10 10:15:10 Route 15 (Downtown Sta To NW 13 Street / NW 23 Av) has 2 itineraries
2026/04/10 10:15:10   Itinerary headsign="NW 13th St" has 10 schedule items
2026/04/10 10:15:10   Itinerary headsign="Downtown Station" has 10 schedule items
2026/04/10 10:15:10 Route 5 (Downtown Station to Oaks Mall) has 1 itineraries
2026/04/10 10:15:10   Itinerary headsign="Oaks Mall" has 9 schedule items
2026/04/10 10:15:10     Fast-path match: route=5 headsign="Oaks Mall" departure=1775832600 isRealtime=false
2026/04/10 10:15:10 Route 17 (Beaty Towers To Rosa Parks Downtown Sta) has 2 itineraries
2026/04/10 10:15:10   Itinerary headsign="Downtown Station" has 10 schedule items
2026/04/10 10:15:10   Itinerary headsign="Beaty Towers" has 10 schedule items
2026/04/10 10:15:10 Route 3 (Downtown Station to N Main Post Office) has 1 itineraries
2026/04/10 10:15:10   Itinerary headsign="Post Office" has 10 schedule items
2026/04/10 10:15:10 Route 6 (Downtown Sta to N Walmart Supercenter) has 1 itineraries
2026/04/10 10:15:10   Itinerary headsign="N Walmart" has 9 schedule items
2026/04/10 10:15:10 Route 7 (Downtown Station to Eastwood Meadows) has 1 itineraries
2026/04/10 10:15:10   Itinerary headsign="Eastwood Meadows" has 10 schedule items
2026/04/10 10:15:10 Route 11 (Downtown Station To Eastwood Meadows) has 1 itineraries
2026/04/10 10:15:10   Itinerary headsign="Eastwood Meadows" has 10 schedule items
2026/04/10 10:15:10 Route 26 (Downtown Station to Airport) has 1 itineraries
2026/04/10 10:15:10   Itinerary headsign="Airport" has 10 schedule items
2026/04/10 10:15:10 Realtime fast-path produced 1 matching direct trips
2026/04/10 10:18:09 CallToolRequest: origin="Rosa Parks RTS Downtown Station" dest="Oaks Mall" intent="LIST_BUSES"
2026/04/10 10:18:09 TransitClient created with API key (len=64)
2026/04/10 10:18:09 GTFS fuzzy resolve OK: input="Rosa Parks RTS Downtown Station" → "Rosa Parks RTS Downtown Station" (score=1.000)
2026/04/10 10:18:09 GTFS fuzzy resolve OK: input="Oaks Mall" → "Oaks Mall" (score=1.000)
2026/04/10 10:18:09 GTFS origin resolved: input="Rosa Parks RTS Downtown Station" → "Rosa Parks RTS Downtown Station" (lat=29.645567 lon=-82.322697)
2026/04/10 10:18:09 GTFS destination resolved: input="Oaks Mall" → "Oaks Mall" (lat=29.659514 lon=-82.413875)
2026/04/10 10:18:09 Calling nearby_stops for lat=29.645567 lon=-82.322697 radius=100m (RTSFL only)
2026/04/10 10:18:09 HTTP GET /v3/public/nearby_stops?lat=29.645567&lon=-82.322697&radius=100
2026/04/10 10:18:09 nearby_stops RTSFL best match at radius=100m: GSID=RTSFL:11797 name="Rosa Parks RTS Downtown Station" dist=1.00
2026/04/10 10:18:09 Calling nearby_stops for lat=29.659514 lon=-82.413875 radius=100m (RTSFL only)
2026/04/10 10:18:09 HTTP GET /v3/public/nearby_stops?lat=29.659514&lon=-82.413875&radius=100
2026/04/10 10:18:09 nearby_stops RTSFL best match at radius=100m: GSID=RTSFL:12732 name="Oaks Mall" dist=0.00
2026/04/10 10:18:09 Nearby origin: GTFS="Rosa Parks RTS Downtown Station" → API="Rosa Parks RTS Downtown Station" (GSID=RTSFL:11797)
2026/04/10 10:18:09 Nearby destination: GTFS="Oaks Mall" → API="Oaks Mall"
2026/04/10 10:18:09 Realtime fast-path search: originGSID=RTSFL:11797 originName="Rosa Parks RTS Downtown Station" destName="Oaks Mall"
2026/04/10 10:18:09 HTTP GET /v3/public/stop_departures?global_stop_id=RTSFL%3A11797&max_num_departures=20&remove_cancelled=true&should_update_realtime=true
2026/04/10 10:18:09 stop_departures returned 10 routes
2026/04/10 10:18:09 Route 10 (Downtown Station To Santa Fe College) has 1 itineraries
2026/04/10 10:18:09   Itinerary headsign="Santa Fe College" has 10 schedule items
2026/04/10 10:18:09 Route 1 (Downtown Station to Butler Plaza) has 1 itineraries
2026/04/10 10:18:09   Itinerary headsign="Butler Plaza" has 9 schedule items
2026/04/10 10:18:09 Route 15 (Downtown Sta To NW 13 Street / NW 23 Av) has 2 itineraries
2026/04/10 10:18:09   Itinerary headsign="NW 13th St" has 10 schedule items
2026/04/10 10:18:09   Itinerary headsign="Downtown Station" has 10 schedule items
2026/04/10 10:18:09 Route 5 (Downtown Station to Oaks Mall) has 1 itineraries
2026/04/10 10:18:09   Itinerary headsign="Oaks Mall" has 9 schedule items
2026/04/10 10:18:09     Fast-path match: route=5 headsign="Oaks Mall" departure=1775832600 isRealtime=false
2026/04/10 10:18:09 Route 17 (Beaty Towers To Rosa Parks Downtown Sta) has 2 itineraries
2026/04/10 10:18:09   Itinerary headsign="Downtown Station" has 10 schedule items
2026/04/10 10:18:09   Itinerary headsign="Beaty Towers" has 10 schedule items
2026/04/10 10:18:09 Route 3 (Downtown Station to N Main Post Office) has 1 itineraries
2026/04/10 10:18:09   Itinerary headsign="Post Office" has 10 schedule items
2026/04/10 10:18:09 Route 6 (Downtown Sta to N Walmart Supercenter) has 1 itineraries
2026/04/10 10:18:09   Itinerary headsign="N Walmart" has 9 schedule items
2026/04/10 10:18:09 Route 7 (Downtown Station to Eastwood Meadows) has 1 itineraries
2026/04/10 10:18:09   Itinerary headsign="Eastwood Meadows" has 10 schedule items
2026/04/10 10:18:09 Route 11 (Downtown Station To Eastwood Meadows) has 1 itineraries
2026/04/10 10:18:09   Itinerary headsign="Eastwood Meadows" has 10 schedule items
2026/04/10 10:18:09 Route 26 (Downtown Station to Airport) has 1 itineraries
2026/04/10 10:18:09   Itinerary headsign="Airport" has 10 schedule items
2026/04/10 10:18:09 Realtime fast-path produced 1 matching direct trips
2026/04/10 10:18:51 CallToolRequest: origin="Rosa Parks RTS Downtown Station" dest="Oaks Mall" intent="LIST_BUSES"
2026/04/10 10:18:51 TransitClient created with API key (len=64)
2026/04/10 10:18:51 GTFS fuzzy resolve OK: input="Rosa Parks RTS Downtown Station" → "Rosa Parks RTS Downtown Station" (score=1.000)
2026/04/10 10:18:51 GTFS fuzzy resolve OK: input="Oaks Mall" → "Oaks Mall" (score=1.000)
2026/04/10 10:18:51 GTFS origin resolved: input="Rosa Parks RTS Downtown Station" → "Rosa Parks RTS Downtown Station" (lat=29.645567 lon=-82.322697)
2026/04/10 10:18:51 GTFS destination resolved: input="Oaks Mall" → "Oaks Mall" (lat=29.659514 lon=-82.413875)
2026/04/10 10:18:51 Calling nearby_stops for lat=29.645567 lon=-82.322697 radius=100m (RTSFL only)
2026/04/10 10:18:51 HTTP GET /v3/public/nearby_stops?lat=29.645567&lon=-82.322697&radius=100
2026/04/10 10:18:51 nearby_stops RTSFL best match at radius=100m: GSID=RTSFL:11797 name="Rosa Parks RTS Downtown Station" dist=1.00
2026/04/10 10:18:51 Calling nearby_stops for lat=29.659514 lon=-82.413875 radius=100m (RTSFL only)
2026/04/10 10:18:51 HTTP GET /v3/public/nearby_stops?lat=29.659514&lon=-82.413875&radius=100
2026/04/10 10:18:51 nearby_stops RTSFL best match at radius=100m: GSID=RTSFL:12732 name="Oaks Mall" dist=0.00
2026/04/10 10:18:51 Nearby origin: GTFS="Rosa Parks RTS Downtown Station" → API="Rosa Parks RTS Downtown Station" (GSID=RTSFL:11797)
2026/04/10 10:18:51 Nearby destination: GTFS="Oaks Mall" → API="Oaks Mall"
2026/04/10 10:18:51 Realtime fast-path search: originGSID=RTSFL:11797 originName="Rosa Parks RTS Downtown Station" destName="Oaks Mall"
2026/04/10 10:18:51 HTTP GET /v3/public/stop_departures?global_stop_id=RTSFL%3A11797&max_num_departures=20&remove_cancelled=true&should_update_realtime=true
2026/04/10 10:18:51 HTTP GET /v3/public/stop_departures returned status 429
2026/04/10 10:18:51 Realtime fast-path failed or no trips: API returned 429
2026/04/10 13:50:53 Loaded 952 GTFS stops from ../data/stops.txt
2026/04/10 13:50:53 Indexed 91516 stop_times from ../data/stop_times.txt into 3409 trips
2026/04/10 13:55:07 Loaded 952 GTFS stops from ../data/stops.txt
2026/04/10 13:55:07 Indexed 91516 stop_times from ../data/stop_times.txt into 3409 trips
2026/04/10 14:19:20 Loaded 952 GTFS stops from ../data/stops.txt
2026/04/10 14:19:20 Indexed 91516 stop_times from ../data/stop_times.txt into 3409 trips
2026/04/13 14:10:20 Loaded 952 GTFS stops from ../data/stops.txt
2026/04/13 14:10:20 Indexed 91516 stop_times from ../data/stop_times.txt into 3409 trips
2026/04/17 19:06:52 Loaded 952 GTFS stops from ../data/stops.txt
2026/04/17 19:06:52 Indexed 91516 stop_times from ../data/stop_times.txt into 3409 trips
2026/04/17 20:24:22 CallToolRequest: origin="Hub" dest="Reitz Union" intent="NEXT_BUS"
2026/04/17 20:24:22 TransitClient created with API key (len=64)
2026/04/17 20:24:41 CallToolRequest: origin="The Hub" dest="Reitz Union" intent="NEXT_BUS"
2026/04/17 20:24:41 TransitClient created with API key (len=64)
2026/04/17 20:24:41 GTFS fuzzy resolve OK: input="The Hub" → "The HUB" (score=1.000)
2026/04/17 20:24:41 GTFS fuzzy resolve OK: input="Reitz Union" → "Reitz Union" (score=1.000)
2026/04/17 20:24:41 GTFS origin resolved: input="The Hub" → "The HUB" (lat=29.648530 lon=-82.344960)
2026/04/17 20:24:41 GTFS destination resolved: input="Reitz Union" → "Reitz Union" (lat=29.645140 lon=-82.346983)
2026/04/17 20:24:41 Calling nearby_stops for lat=29.648530 lon=-82.344960 radius=100m (RTSFL only)
2026/04/17 20:24:41 HTTP GET /v3/public/nearby_stops?lat=29.648530&lon=-82.344960&radius=100
2026/04/17 20:24:41 nearby_stops RTSFL best match at radius=100m: GSID=RTSFL:13082 name="The HUB" dist=1.00
2026/04/17 20:24:41 Calling nearby_stops for lat=29.645140 lon=-82.346983 radius=100m (RTSFL only)
2026/04/17 20:24:41 HTTP GET /v3/public/nearby_stops?lat=29.645140&lon=-82.346983&radius=100
2026/04/17 20:24:41 nearby_stops RTSFL best match at radius=100m: GSID=RTSFL:12261 name="Reitz Union" dist=1.00
2026/04/17 20:24:41 Nearby origin: GTFS="The HUB" → API="The HUB" (GSID=RTSFL:13082)
2026/04/17 20:24:41 Nearby destination: GTFS="Reitz Union" → API="Reitz Union"
2026/04/17 20:24:41 Realtime fast-path search: originGSID=RTSFL:13082 originName="The HUB" destName="Reitz Union"
2026/04/17 20:24:41 HTTP GET /v3/public/stop_departures?global_stop_id=RTSFL%3A13082&max_num_departures=20&remove_cancelled=true&should_update_realtime=true
2026/04/17 20:24:41 stop_departures returned 6 routes
2026/04/17 20:24:41 Route 118 (P&R 1 (Cultural Plaza) To The Hub) has 1 itineraries
2026/04/17 20:24:41   Itinerary headsign="Cultural Plaza" has 10 schedule items
2026/04/17 20:24:41 Route 126 (UF E / W Circulator (Lakeside To Sorority Row)) has 1 itineraries
2026/04/17 20:24:41   Itinerary headsign="Sorority Row" has 10 schedule items
2026/04/17 20:24:41 Route 33 (Butler Plaza - The Standard) has 1 itineraries
2026/04/17 20:24:41   Itinerary headsign="Butler Plaza" has 9 schedule items
2026/04/17 20:24:41 Route 12 (The Hub to Dollar General) has 2 itineraries
2026/04/17 20:24:41   Itinerary headsign="Dollar General" has 10 schedule items
2026/04/17 20:24:41   Itinerary headsign="The Hub" has 10 schedule items
2026/04/17 20:24:41 Route 9 (Reitz Union To Hunters Run) has 1 itineraries
2026/04/17 20:24:41   Itinerary headsign="The Hub" has 10 schedule items
2026/04/17 20:24:41     Fast-path match: route=9 headsign="The Hub" departure=1776474180 isRealtime=false
2026/04/17 20:24:41 Route 38 (Reitz Union to Gainesville Place) has 1 itineraries
2026/04/17 20:24:41   Itinerary headsign="The Hub" has 10 schedule items
2026/04/17 20:24:41     Fast-path match: route=38 headsign="The Hub" departure=1776474240 isRealtime=false
2026/04/17 20:24:41 Realtime fast-path produced 2 matching direct trips
2026/04/17 20:29:38 CallToolRequest: origin="The Hub" dest="Reitz Union" intent="NEXT_BUS"
2026/04/17 20:29:38 TransitClient created with API key (len=64)
2026/04/17 20:29:38 GTFS fuzzy resolve OK: input="The Hub" → "The HUB" (score=1.000)
2026/04/17 20:29:38 GTFS fuzzy resolve OK: input="Reitz Union" → "Reitz Union" (score=1.000)
2026/04/17 20:29:38 GTFS origin resolved: input="The Hub" → "The HUB" (lat=29.648530 lon=-82.344960)
2026/04/17 20:29:38 GTFS destination resolved: input="Reitz Union" → "Reitz Union" (lat=29.645140 lon=-82.346983)
2026/04/17 20:29:38 Calling nearby_stops for lat=29.648530 lon=-82.344960 radius=100m (RTSFL only)
2026/04/17 20:29:38 HTTP GET /v3/public/nearby_stops?lat=29.648530&lon=-82.344960&radius=100
2026/04/17 20:29:38 nearby_stops RTSFL best match at radius=100m: GSID=RTSFL:13082 name="The HUB" dist=1.00
2026/04/17 20:29:38 Calling nearby_stops for lat=29.645140 lon=-82.346983 radius=100m (RTSFL only)
2026/04/17 20:29:38 HTTP GET /v3/public/nearby_stops?lat=29.645140&lon=-82.346983&radius=100
2026/04/17 20:29:38 nearby_stops RTSFL best match at radius=100m: GSID=RTSFL:12261 name="Reitz Union" dist=1.00
2026/04/17 20:29:38 Nearby origin: GTFS="The HUB" → API="The HUB" (GSID=RTSFL:13082)
2026/04/17 20:29:38 Nearby destination: GTFS="Reitz Union" → API="Reitz Union"
2026/04/17 20:29:38 Realtime fast-path search: originGSID=RTSFL:13082 originName="The HUB" destName="Reitz Union"
2026/04/17 20:29:38 HTTP GET /v3/public/stop_departures?global_stop_id=RTSFL%3A13082&max_num_departures=20&remove_cancelled=true&should_update_realtime=true
2026/04/17 20:29:38 stop_departures returned 6 routes
2026/04/17 20:29:38 Route 118 (P&R 1 (Cultural Plaza) To The Hub) has 1 itineraries
2026/04/17 20:29:38   Itinerary headsign="Cultural Plaza" has 10 schedule items
2026/04/17 20:29:38 Route 126 (UF E / W Circulator (Lakeside To Sorority Row)) has 1 itineraries
2026/04/17 20:29:38   Itinerary headsign="Sorority Row" has 10 schedule items
2026/04/17 20:29:38 Route 33 (Butler Plaza - The Standard) has 1 itineraries
2026/04/17 20:29:38   Itinerary headsign="Butler Plaza" has 9 schedule items
2026/04/17 20:29:38 Route 12 (The Hub to Dollar General) has 2 itineraries
2026/04/17 20:29:38   Itinerary headsign="Dollar General" has 10 schedule items
2026/04/17 20:29:38   Itinerary headsign="The Hub" has 10 schedule items
2026/04/17 20:29:38 Route 9 (Reitz Union To Hunters Run) has 1 itineraries
2026/04/17 20:29:38   Itinerary headsign="The Hub" has 10 schedule items
2026/04/17 20:29:38     Fast-path match: route=9 headsign="The Hub" departure=1776474180 isRealtime=false
2026/04/17 20:29:38 Route 38 (Reitz Union to Gainesville Place) has 1 itineraries
2026/04/17 20:29:38   Itinerary headsign="The Hub" has 10 schedule items
2026/04/17 20:29:38     Fast-path match: route=38 headsign="The Hub" departure=1776474240 isRealtime=false
2026/04/17 20:29:38 Realtime fast-path produced 2 matching direct trips
2026/04/18 09:39:18 Loaded 952 GTFS stops from ../data/stops.txt
2026/04/18 09:39:18 Indexed 91516 stop_times from ../data/stop_times.txt into 3409 trips
2026/04/18 14:24:55 Loaded 952 GTFS stops from ../data/stops.txt
2026/04/18 14:24:55 Indexed 91516 stop_times from ../data/stop_times.txt into 3409 trips
2026/04/18 18:10:57 Loaded 952 GTFS stops from ../data/stops.txt
2026/04/18 18:10:57 Indexed 91516 stop_times from ../data/stop_times.txt into 3409 trips
2026/04/18 18:35:05 Loaded 952 GTFS stops from ../data/stops.txt
2026/04/18 18:35:05 Indexed 91516 stop_times from ../data/stop_times.txt into 3409 trips
